#
# A fatal error has been detected by the Java Runtime Environment:
#
#  Internal Error (javaClasses.cpp:139), pid=13349, tid=140188668540672
#  fatal error: Invalid layout of preloaded class
#
# JRE version:  (7.0_65-b32) (build )
# Java VM: OpenJDK 64-Bit Server VM (24.65-b04 mixed mode linux-amd64 compressed oops)
# Derivative: IcedTea 2.5.3
# Distribution: Ubuntu 14.04 LTS, package 7u71-2.5.3-0ubuntu0.14.04.1
# Failed to write core dump. Core dumps have been disabled. To enable core dumping, try "ulimit -c unlimited" before starting Java again
#
# If you would like to submit a bug report, please include
# instructions on how to reproduce the bug and visit:
#   http://icedtea.classpath.org/bugzilla
#

---------------  T H R E A D  ---------------

Current thread (0x00007f803000a000):  JavaThread "Unknown thread" [_thread_in_vm, id=13352, stack(0x00007f8037ba3000,0x00007f8037ca4000)]

Stack: [0x00007f8037ba3000,0x00007f8037ca4000],  sp=0x00007f8037ca2900,  free space=1022k
Native frames: (J=compiled Java code, j=interpreted, Vv=VM code, C=native code)
V  [libjvm.so+0x948b05]  VMError::report_and_die()+0x175
V  [libjvm.so+0x48bba4]  report_fatal(char const*, int, char const*)+0x54
V  [libjvm.so+0x5e8ce0]  compute_offset(int&, klassOopDesc*, Symbol*, Symbol*, bool) [clone .constprop.120]+0xc0
V  [libjvm.so+0x5e8db6]  java_lang_String::compute_offsets()+0x36
V  [libjvm.so+0x8ce6ec]  SystemDictionary::initialize_preloaded_classes(Thread*)+0xcc
V  [libjvm.so+0x919fd8]  Universe::genesis(Thread*)+0x468
V  [libjvm.so+0x91a5e4]  universe2_init()+0x24
V  [libjvm.so+0x59d29a]  init_globals()+0x9a
V  [libjvm.so+0x8fd3bf]  Threads::create_vm(JavaVMInitArgs*, bool*)+0x35f
V  [libjvm.so+0x6085d4]  JNI_CreateJavaVM+0x54
C  [libjli.so+0x2b48]


---------------  P R O C E S S  ---------------

Java Threads: ( => current thread )

Other Threads:

=>0x00007f803000a000 (exited) JavaThread "Unknown thread" [_thread_in_vm, id=13352, stack(0x00007f8037ba3000,0x00007f8037ca4000)]

VM state:not at safepoint (not fully initialized)

VM Mutex/Monitor currently owned by a thread: None

GC Heap History (0 events):
No events

Deoptimization events (0 events):
No events

Internal exceptions (0 events):
No events

Events (10 events):
Event: 0.016 loading class 0x00007f80340eb6f0 done
Event: 0.017 loading class 0x00007f80340eb110 done
Event: 0.017 loading class 0x00007f80340eb0f0
Event: 0.017 loading class 0x00007f80340f3180
Event: 0.017 loading class 0x00007f80340f3180 done
Event: 0.017 loading class 0x00007f80340f31b0
Event: 0.017 loading class 0x00007f80340f31b0 done
Event: 0.017 loading class 0x00007f80340f31e0
Event: 0.017 loading class 0x00007f80340f31e0 done
Event: 0.017 loading class 0x00007f80340eb0f0 done


Dynamic libraries:
00400000-00401000 r-xp 00000000 08:01 801593                             /usr/lib/jvm/java-7-openjdk-amd64/jre/bin/java
00600000-00601000 r--p 00000000 08:01 801593                             /usr/lib/jvm/java-7-openjdk-amd64/jre/bin/java
00601000-00602000 rw-p 00001000 08:01 801593                             /usr/lib/jvm/java-7-openjdk-amd64/jre/bin/java
016b9000-016da000 rw-p 00000000 00:00 0                                  [heap]
cc000000-cd500000 rw-p 00000000 00:00 0 
cd500000-d6600000 rw-p 00000000 00:00 0 
d6600000-d7a80000 rw-p 00000000 00:00 0 
d7a80000-f2200000 rw-p 00000000 00:00 0 
f2200000-f2c80000 rw-p 00000000 00:00 0 
f2c80000-100000000 rw-p 00000000 00:00 0 
7f801c000000-7f801c021000 rw-p 00000000 00:00 0 
7f801c021000-7f8020000000 ---p 00000000 00:00 0 
7f8024000000-7f8024021000 rw-p 00000000 00:00 0 
7f8024021000-7f8028000000 ---p 00000000 00:00 0 
7f802b2ef000-7f802b529000 rw-p 00000000 00:00 0 
7f802b529000-7f802b600000 r--s 013fe000 08:01 817028                     /home/duong/Android/android-sdk-linux/platforms/android-19/android.jar
7f802b600000-7f802d000000 rw-p 00000000 00:00 0 
7f802d000000-7f802d270000 rwxp 00000000 00:00 0 
7f802d270000-7f8030052000 rw-p 00000000 00:00 0 
7f8030052000-7f8034000000 ---p 00000000 00:00 0 
7f803404e000-7f803430e000 rw-p 00000000 00:00 0 
7f803430e000-7f803430f000 ---p 00000000 00:00 0 
7f803430f000-7f803440f000 rw-p 00000000 00:00 0                          [stack:13356]
7f803440f000-7f8034410000 ---p 00000000 00:00 0 
7f8034410000-7f803451b000 rw-p 00000000 00:00 0                          [stack:13355]
7f803451b000-7f8034563000 rw-p 00000000 00:00 0 
7f8034563000-7f803456e000 rw-p 00000000 00:00 0 
7f803456e000-7f8034641000 rw-p 00000000 00:00 0 
7f8034641000-7f803464c000 rw-p 00000000 00:00 0 
7f803464c000-7f8034694000 rw-p 00000000 00:00 0 
7f8034694000-7f803469f000 rw-p 00000000 00:00 0 
7f803469f000-7f8034772000 rw-p 00000000 00:00 0 
7f8034772000-7f8034778000 rw-p 00000000 00:00 0 
7f8034778000-7f80347e1000 rw-p 00000000 00:00 0 
7f80347e1000-7f80347e2000 rw-p 00000000 00:00 0 
7f80347e2000-7f80347ea000 r-xp 00000000 08:01 801466                     /usr/lib/jvm/java-7-openjdk-amd64/jre/lib/amd64/libzip.so
7f80347ea000-7f80349e9000 ---p 00008000 08:01 801466                     /usr/lib/jvm/java-7-openjdk-amd64/jre/lib/amd64/libzip.so
7f80349e9000-7f80349ea000 r--p 00007000 08:01 801466                     /usr/lib/jvm/java-7-openjdk-amd64/jre/lib/amd64/libzip.so
7f80349ea000-7f80349eb000 rw-p 00008000 08:01 801466                     /usr/lib/jvm/java-7-openjdk-amd64/jre/lib/amd64/libzip.so
7f80349eb000-7f80349f6000 r-xp 00000000 08:01 931895                     /lib/x86_64-linux-gnu/libnss_files-2.19.so
7f80349f6000-7f8034bf5000 ---p 0000b000 08:01 931895                     /lib/x86_64-linux-gnu/libnss_files-2.19.so
7f8034bf5000-7f8034bf6000 r--p 0000a000 08:01 931895                     /lib/x86_64-linux-gnu/libnss_files-2.19.so
7f8034bf6000-7f8034bf7000 rw-p 0000b000 08:01 931895                     /lib/x86_64-linux-gnu/libnss_files-2.19.so
7f8034bf7000-7f8034c02000 r-xp 00000000 08:01 931896                     /lib/x86_64-linux-gnu/libnss_nis-2.19.so
7f8034c02000-7f8034e01000 ---p 0000b000 08:01 931896                     /lib/x86_64-linux-gnu/libnss_nis-2.19.so
7f8034e01000-7f8034e02000 r--p 0000a000 08:01 931896                     /lib/x86_64-linux-gnu/libnss_nis-2.19.so
7f8034e02000-7f8034e03000 rw-p 0000b000 08:01 931896                     /lib/x86_64-linux-gnu/libnss_nis-2.19.so
7f8034e03000-7f8034e1a000 r-xp 00000000 08:01 928601                     /lib/x86_64-linux-gnu/libnsl-2.19.so
7f8034e1a000-7f8035019000 ---p 00017000 08:01 928601                     /lib/x86_64-linux-gnu/libnsl-2.19.so
7f8035019000-7f803501a000 r--p 00016000 08:01 928601                     /lib/x86_64-linux-gnu/libnsl-2.19.so
7f803501a000-7f803501b000 rw-p 00017000 08:01 928601                     /lib/x86_64-linux-gnu/libnsl-2.19.so
7f803501b000-7f803501d000 rw-p 00000000 00:00 0 
7f803501d000-7f8035026000 r-xp 00000000 08:01 928595                     /lib/x86_64-linux-gnu/libnss_compat-2.19.so
7f8035026000-7f8035225000 ---p 00009000 08:01 928595                     /lib/x86_64-linux-gnu/libnss_compat-2.19.so
7f8035225000-7f8035226000 r--p 00008000 08:01 928595                     /lib/x86_64-linux-gnu/libnss_compat-2.19.so
7f8035226000-7f8035227000 rw-p 00009000 08:01 928595                     /lib/x86_64-linux-gnu/libnss_compat-2.19.so
7f8035227000-7f8035252000 r-xp 00000000 08:01 801481                     /usr/lib/jvm/java-7-openjdk-amd64/jre/lib/amd64/libjava.so
7f8035252000-7f8035451000 ---p 0002b000 08:01 801481                     /usr/lib/jvm/java-7-openjdk-amd64/jre/lib/amd64/libjava.so
7f8035451000-7f8035452000 r--p 0002a000 08:01 801481                     /usr/lib/jvm/java-7-openjdk-amd64/jre/lib/amd64/libjava.so
7f8035452000-7f8035454000 rw-p 0002b000 08:01 801481                     /usr/lib/jvm/java-7-openjdk-amd64/jre/lib/amd64/libjava.so
7f8035454000-7f8035464000 r-xp 00000000 08:01 801503                     /usr/lib/jvm/java-7-openjdk-amd64/jre/lib/amd64/libverify.so
7f8035464000-7f8035663000 ---p 00010000 08:01 801503                     /usr/lib/jvm/java-7-openjdk-amd64/jre/lib/amd64/libverify.so
7f8035663000-7f8035665000 r--p 0000f000 08:01 801503                     /usr/lib/jvm/java-7-openjdk-amd64/jre/lib/amd64/libverify.so
7f8035665000-7f8035666000 rw-p 00011000 08:01 801503                     /usr/lib/jvm/java-7-openjdk-amd64/jre/lib/amd64/libverify.so
7f8035666000-7f803566d000 r-xp 00000000 08:01 928605                     /lib/x86_64-linux-gnu/librt-2.19.so
7f803566d000-7f803586c000 ---p 00007000 08:01 928605                     /lib/x86_64-linux-gnu/librt-2.19.so
7f803586c000-7f803586d000 r--p 00006000 08:01 928605                     /lib/x86_64-linux-gnu/librt-2.19.so
7f803586d000-7f803586e000 rw-p 00007000 08:01 928605                     /lib/x86_64-linux-gnu/librt-2.19.so
7f803586e000-7f8035884000 r-xp 00000000 08:01 921940                     /lib/x86_64-linux-gnu/libgcc_s.so.1
7f8035884000-7f8035a83000 ---p 00016000 08:01 921940                     /lib/x86_64-linux-gnu/libgcc_s.so.1
7f8035a83000-7f8035a84000 rw-p 00015000 08:01 921940                     /lib/x86_64-linux-gnu/libgcc_s.so.1
7f8035a84000-7f8035b89000 r-xp 00000000 08:01 931889                     /lib/x86_64-linux-gnu/libm-2.19.so
7f8035b89000-7f8035d88000 ---p 00105000 08:01 931889                     /lib/x86_64-linux-gnu/libm-2.19.so
7f8035d88000-7f8035d89000 r--p 00104000 08:01 931889                     /lib/x86_64-linux-gnu/libm-2.19.so
7f8035d89000-7f8035d8a000 rw-p 00105000 08:01 931889                     /lib/x86_64-linux-gnu/libm-2.19.so
7f8035d8a000-7f8035e70000 r-xp 00000000 08:01 665207                     /usr/lib/x86_64-linux-gnu/libstdc++.so.6.0.19
7f8035e70000-7f803606f000 ---p 000e6000 08:01 665207                     /usr/lib/x86_64-linux-gnu/libstdc++.so.6.0.19
7f803606f000-7f8036077000 r--p 000e5000 08:01 665207                     /usr/lib/x86_64-linux-gnu/libstdc++.so.6.0.19
7f8036077000-7f8036079000 rw-p 000ed000 08:01 665207                     /usr/lib/x86_64-linux-gnu/libstdc++.so.6.0.19
7f8036079000-7f803608e000 rw-p 00000000 00:00 0 
7f803608e000-7f8036ba4000 r-xp 00000000 08:01 801509                     /usr/lib/jvm/java-7-openjdk-amd64/jre/lib/amd64/server/libjvm.so
7f8036ba4000-7f8036da3000 ---p 00b16000 08:01 801509                     /usr/lib/jvm/java-7-openjdk-amd64/jre/lib/amd64/server/libjvm.so
7f8036da3000-7f8036e3d000 r--p 00b15000 08:01 801509                     /usr/lib/jvm/java-7-openjdk-amd64/jre/lib/amd64/server/libjvm.so
7f8036e3d000-7f8036e60000 rw-p 00baf000 08:01 801509                     /usr/lib/jvm/java-7-openjdk-amd64/jre/lib/amd64/server/libjvm.so
7f8036e60000-7f8036e8e000 rw-p 00000000 00:00 0 
7f8036e8e000-7f8036ea6000 r-xp 00000000 08:01 922123                     /lib/x86_64-linux-gnu/libz.so.1.2.8
7f8036ea6000-7f80370a5000 ---p 00018000 08:01 922123                     /lib/x86_64-linux-gnu/libz.so.1.2.8
7f80370a5000-7f80370a6000 r--p 00017000 08:01 922123                     /lib/x86_64-linux-gnu/libz.so.1.2.8
7f80370a6000-7f80370a7000 rw-p 00018000 08:01 922123                     /lib/x86_64-linux-gnu/libz.so.1.2.8
7f80370a7000-7f80370c0000 r-xp 00000000 08:01 931901                     /lib/x86_64-linux-gnu/libpthread-2.19.so
7f80370c0000-7f80372bf000 ---p 00019000 08:01 931901                     /lib/x86_64-linux-gnu/libpthread-2.19.so
7f80372bf000-7f80372c0000 r--p 00018000 08:01 931901                     /lib/x86_64-linux-gnu/libpthread-2.19.so
7f80372c0000-7f80372c1000 rw-p 00019000 08:01 931901                     /lib/x86_64-linux-gnu/libpthread-2.19.so
7f80372c1000-7f80372c5000 rw-p 00000000 00:00 0 
7f80372c5000-7f80372c8000 r-xp 00000000 08:01 931900                     /lib/x86_64-linux-gnu/libdl-2.19.so
7f80372c8000-7f80374c7000 ---p 00003000 08:01 931900                     /lib/x86_64-linux-gnu/libdl-2.19.so
7f80374c7000-7f80374c8000 r--p 00002000 08:01 931900                     /lib/x86_64-linux-gnu/libdl-2.19.so
7f80374c8000-7f80374c9000 rw-p 00003000 08:01 931900                     /lib/x86_64-linux-gnu/libdl-2.19.so
7f80374c9000-7f8037684000 r-xp 00000000 08:01 928613                     /lib/x86_64-linux-gnu/libc-2.19.so
7f8037684000-7f8037884000 ---p 001bb000 08:01 928613                     /lib/x86_64-linux-gnu/libc-2.19.so
7f8037884000-7f8037888000 r--p 001bb000 08:01 928613                     /lib/x86_64-linux-gnu/libc-2.19.so
7f8037888000-7f803788a000 rw-p 001bf000 08:01 928613                     /lib/x86_64-linux-gnu/libc-2.19.so
7f803788a000-7f803788f000 rw-p 00000000 00:00 0 
7f803788f000-7f803789c000 r-xp 00000000 08:01 801477                     /usr/lib/jvm/java-7-openjdk-amd64/jre/lib/amd64/jli/libjli.so
7f803789c000-7f8037a9b000 ---p 0000d000 08:01 801477                     /usr/lib/jvm/java-7-openjdk-amd64/jre/lib/amd64/jli/libjli.so
7f8037a9b000-7f8037a9c000 r--p 0000c000 08:01 801477                     /usr/lib/jvm/java-7-openjdk-amd64/jre/lib/amd64/jli/libjli.so
7f8037a9c000-7f8037a9d000 rw-p 0000d000 08:01 801477                     /usr/lib/jvm/java-7-openjdk-amd64/jre/lib/amd64/jli/libjli.so
7f8037a9d000-7f8037ac0000 r-xp 00000000 08:01 928615                     /lib/x86_64-linux-gnu/ld-2.19.so
7f8037ad2000-7f8037aed000 rw-p 00000000 00:00 0 
7f8037aed000-7f8037ba3000 rw-p 00000000 00:00 0 
7f8037ba3000-7f8037ba6000 ---p 00000000 00:00 0 
7f8037ba6000-7f8037ca9000 rw-p 00000000 00:00 0                          [stack:13352]
7f8037cb1000-7f8037cb3000 rw-p 00000000 00:00 0 
7f8037cb3000-7f8037cbb000 rw-s 00000000 08:01 808758                     /tmp/hsperfdata_duong/13349
7f8037cbb000-7f8037cbc000 rw-p 00000000 00:00 0 
7f8037cbc000-7f8037cbd000 r--p 00000000 00:00 0 
7f8037cbd000-7f8037cbf000 rw-p 00000000 00:00 0 
7f8037cbf000-7f8037cc0000 r--p 00022000 08:01 928615                     /lib/x86_64-linux-gnu/ld-2.19.so
7f8037cc0000-7f8037cc1000 rw-p 00023000 08:01 928615                     /lib/x86_64-linux-gnu/ld-2.19.so
7f8037cc1000-7f8037cc2000 rw-p 00000000 00:00 0 
7fff220f8000-7fff22119000 rw-p 00000000 00:00 0                          [stack]
7fff221fe000-7fff22200000 r-xp 00000000 00:00 0                          [vdso]
ffffffffff600000-ffffffffff601000 r-xp 00000000 00:00 0                  [vsyscall]

VM Arguments:
jvm_args: -Dfile.encoding=UTF-8 -Xbootclasspath:/home/duong/Android/android-sdk-linux/platforms/android-19/android.jar 
java_command: com.pjwstk.rehapp.api.ConnectionWS
Launcher Type: SUN_STANDARD

Environment Variables:
PATH=/usr/local/sbin:/usr/local/bin:/usr/sbin:/usr/bin:/sbin:/bin:/usr/games:/usr/local/games
SHELL=/bin/bash
DISPLAY=:0.0

Signal Handlers:
SIGSEGV: [libjvm.so+0x9495e0], sa_mask[0]=0x7ffbfeff, sa_flags=0x10000004
SIGBUS: [libjvm.so+0x9495e0], sa_mask[0]=0x7ffbfeff, sa_flags=0x10000004
SIGFPE: [libjvm.so+0x7c3410], sa_mask[0]=0x7ffbfeff, sa_flags=0x10000004
SIGPIPE: [libjvm.so+0x7c3410], sa_mask[0]=0x7ffbfeff, sa_flags=0x10000004
SIGXFSZ: [libjvm.so+0x7c3410], sa_mask[0]=0x7ffbfeff, sa_flags=0x10000004
SIGILL: [libjvm.so+0x7c3410], sa_mask[0]=0x7ffbfeff, sa_flags=0x10000004
SIGUSR1: SIG_DFL, sa_mask[0]=0x00000000, sa_flags=0x00000000
SIGUSR2: [libjvm.so+0x7c32b0], sa_mask[0]=0x00000004, sa_flags=0x10000004
SIGHUP: SIG_DFL, sa_mask[0]=0x00000000, sa_flags=0x00000000
SIGINT: SIG_DFL, sa_mask[0]=0x00000000, sa_flags=0x00000000
SIGTERM: SIG_DFL, sa_mask[0]=0x00000000, sa_flags=0x00000000
SIGQUIT: SIG_DFL, sa_mask[0]=0x00000000, sa_flags=0x00000000
SIGTRAP: SIG_DFL, sa_mask[0]=0x00000000, sa_flags=0x00000000


---------------  S Y S T E M  ---------------

OS:Ubuntu 14.04 (trusty)
uname:Linux 3.13.0-24-generic #47-Ubuntu SMP Fri May 2 23:30:00 UTC 2014 x86_64
libc:glibc 2.19 NPTL 2.19 
rlimit: STACK 8192k, CORE 0k, NPROC 15790, NOFILE 4096, AS infinity
load average:0.44 0.20 0.10

/proc/meminfo:
MemTotal:        2042732 kB
MemFree:          694560 kB
Buffers:           28388 kB
Cached:           215676 kB
SwapCached:         7828 kB
Active:           870360 kB
Inactive:         281288 kB
Active(anon):     787772 kB
Inactive(anon):   129420 kB
Active(file):      82588 kB
Inactive(file):   151868 kB
Unevictable:          48 kB
Mlocked:              48 kB
SwapTotal:       2094076 kB
SwapFree:        1988132 kB
Dirty:               448 kB
Writeback:             0 kB
AnonPages:        901784 kB
Mapped:            66068 kB
Shmem:              9588 kB
Slab:              98668 kB
SReclaimable:      69968 kB
SUnreclaim:        28700 kB
KernelStack:        4216 kB
PageTables:        22608 kB
NFS_Unstable:          0 kB
Bounce:                0 kB
WritebackTmp:          0 kB
CommitLimit:     3115440 kB
Committed_AS:    2312156 kB
VmallocTotal:   34359738367 kB
VmallocUsed:      164024 kB
VmallocChunk:   34359522416 kB
HardwareCorrupted:     0 kB
AnonHugePages:    784384 kB
HugePages_Total:       0
HugePages_Free:        0
HugePages_Rsvd:        0
HugePages_Surp:        0
Hugepagesize:       2048 kB
DirectMap4k:       57216 kB
DirectMap2M:     2039808 kB


CPU:total 2 (2 cores per cpu, 1 threads per core) family 6 model 37 stepping 5, cmov, cx8, fxsr, mmx, sse, sse2, sse3, ssse3, sse4.1, sse4.2, popcnt, tsc, tscinvbit

/proc/cpuinfo:
processor	: 0
vendor_id	: GenuineIntel
cpu family	: 6
model		: 37
model name	: Intel(R) Core(TM) i5 CPU       M 480  @ 2.67GHz
stepping	: 5
microcode	: 0x2
cpu MHz		: 2660.079
cache size	: 3072 KB
physical id	: 0
siblings	: 2
core id		: 0
cpu cores	: 2
apicid		: 0
initial apicid	: 0
fpu		: yes
fpu_exception	: yes
cpuid level	: 11
wp		: yes
flags		: fpu vme de pse tsc msr pae mce cx8 apic sep mtrr pge mca cmov pat pse36 clflush dts mmx fxsr sse sse2 ss ht syscall nx rdtscp lm constant_tsc arch_perfmon pebs bts nopl xtopology tsc_reliable nonstop_tsc aperfmperf pni ssse3 cx16 sse4_1 sse4_2 x2apic popcnt hypervisor lahf_lm ida arat dtherm
bogomips	: 5320.15
clflush size	: 64
cache_alignment	: 64
address sizes	: 40 bits physical, 48 bits virtual
power management:

processor	: 1
vendor_id	: GenuineIntel
cpu family	: 6
model		: 37
model name	: Intel(R) Core(TM) i5 CPU       M 480  @ 2.67GHz
stepping	: 5
microcode	: 0x2
cpu MHz		: 2660.079
cache size	: 3072 KB
physical id	: 0
siblings	: 2
core id		: 1
cpu cores	: 2
apicid		: 1
initial apicid	: 1
fpu		: yes
fpu_exception	: yes
cpuid level	: 11
wp		: yes
flags		: fpu vme de pse tsc msr pae mce cx8 apic sep mtrr pge mca cmov pat pse36 clflush dts mmx fxsr sse sse2 ss ht syscall nx rdtscp lm constant_tsc arch_perfmon pebs bts nopl xtopology tsc_reliable nonstop_tsc aperfmperf pni ssse3 cx16 sse4_1 sse4_2 x2apic popcnt hypervisor lahf_lm ida arat dtherm
bogomips	: 5320.15
clflush size	: 64
cache_alignment	: 64
address sizes	: 40 bits physical, 48 bits virtual
power management:



Memory: 4k page, physical 2042732k(694560k free), swap 2094076k(1988132k free)

vm_info: OpenJDK 64-Bit Server VM (24.65-b04) for linux-amd64 JRE (1.7.0_65-b32), built on Oct 22 2014 04:37:44 by "buildd" with gcc 4.8.2

time: Wed Dec 10 23:08:04 2014
elapsed time: 0 seconds

