#
# A fatal error has been detected by the Java Runtime Environment:
#
#  Internal Error (javaClasses.cpp:139), pid=13183, tid=140621458781952
#  fatal error: Invalid layout of preloaded class
#
# JRE version:  (7.0_65-b32) (build )
# Java VM: OpenJDK 64-Bit Server VM (24.65-b04 mixed mode linux-amd64 compressed oops)
# Derivative: IcedTea 2.5.3
# Distribution: Ubuntu 14.04 LTS, package 7u71-2.5.3-0ubuntu0.14.04.1
# Failed to write core dump. Core dumps have been disabled. To enable core dumping, try "ulimit -c unlimited" before starting Java again
#
# If you would like to submit a bug report, please include
# instructions on how to reproduce the bug and visit:
#   http://icedtea.classpath.org/bugzilla
#

---------------  T H R E A D  ---------------

Current thread (0x00007fe4f400a000):  JavaThread "Unknown thread" [_thread_in_vm, id=13189, stack(0x00007fe4fc093000,0x00007fe4fc194000)]

Stack: [0x00007fe4fc093000,0x00007fe4fc194000],  sp=0x00007fe4fc192900,  free space=1022k
Native frames: (J=compiled Java code, j=interpreted, Vv=VM code, C=native code)
V  [libjvm.so+0x948b05]  VMError::report_and_die()+0x175
V  [libjvm.so+0x48bba4]  report_fatal(char const*, int, char const*)+0x54
V  [libjvm.so+0x5e8ce0]  compute_offset(int&, klassOopDesc*, Symbol*, Symbol*, bool) [clone .constprop.120]+0xc0
V  [libjvm.so+0x5e8db6]  java_lang_String::compute_offsets()+0x36
V  [libjvm.so+0x8ce6ec]  SystemDictionary::initialize_preloaded_classes(Thread*)+0xcc
V  [libjvm.so+0x919fd8]  Universe::genesis(Thread*)+0x468
V  [libjvm.so+0x91a5e4]  universe2_init()+0x24
V  [libjvm.so+0x59d29a]  init_globals()+0x9a
V  [libjvm.so+0x8fd3bf]  Threads::create_vm(JavaVMInitArgs*, bool*)+0x35f
V  [libjvm.so+0x6085d4]  JNI_CreateJavaVM+0x54
C  [libjli.so+0x2b48]


---------------  P R O C E S S  ---------------

Java Threads: ( => current thread )

Other Threads:

=>0x00007fe4f400a000 (exited) JavaThread "Unknown thread" [_thread_in_vm, id=13189, stack(0x00007fe4fc093000,0x00007fe4fc194000)]

VM state:not at safepoint (not fully initialized)

VM Mutex/Monitor currently owned by a thread: None

GC Heap History (0 events):
No events

Deoptimization events (0 events):
No events

Internal exceptions (0 events):
No events

Events (10 events):
Event: 0.252 loading class 0x00007fe4f85db6f0 done
Event: 0.252 loading class 0x00007fe4f85db110 done
Event: 0.252 loading class 0x00007fe4f85db0f0
Event: 0.253 loading class 0x00007fe4f85e3180
Event: 0.321 loading class 0x00007fe4f85e3180 done
Event: 0.321 loading class 0x00007fe4f85e31b0
Event: 0.321 loading class 0x00007fe4f85e31b0 done
Event: 0.321 loading class 0x00007fe4f85e31e0
Event: 0.321 loading class 0x00007fe4f85e31e0 done
Event: 0.322 loading class 0x00007fe4f85db0f0 done


Dynamic libraries:
00400000-00401000 r-xp 00000000 08:01 801593                             /usr/lib/jvm/java-7-openjdk-amd64/jre/bin/java
00600000-00601000 r--p 00000000 08:01 801593                             /usr/lib/jvm/java-7-openjdk-amd64/jre/bin/java
00601000-00602000 rw-p 00001000 08:01 801593                             /usr/lib/jvm/java-7-openjdk-amd64/jre/bin/java
01916000-01937000 rw-p 00000000 00:00 0                                  [heap]
cc000000-cd500000 rw-p 00000000 00:00 0 
cd500000-d6600000 rw-p 00000000 00:00 0 
d6600000-d7a80000 rw-p 00000000 00:00 0 
d7a80000-f2200000 rw-p 00000000 00:00 0 
f2200000-f2c80000 rw-p 00000000 00:00 0 
f2c80000-100000000 rw-p 00000000 00:00 0 
7fe4e4000000-7fe4e4021000 rw-p 00000000 00:00 0 
7fe4e4021000-7fe4e8000000 ---p 00000000 00:00 0 
7fe4ea600000-7fe4ec000000 rw-p 00000000 00:00 0 
7fe4ec000000-7fe4ec021000 rw-p 00000000 00:00 0 
7fe4ec021000-7fe4f0000000 ---p 00000000 00:00 0 
7fe4f1000000-7fe4f1270000 rwxp 00000000 00:00 0 
7fe4f1270000-7fe4f4052000 rw-p 00000000 00:00 0 
7fe4f4052000-7fe4f8000000 ---p 00000000 00:00 0 
7fe4f822d000-7fe4f848e000 rw-p 00000000 00:00 0 
7fe4f848e000-7fe4f8565000 r--s 013fe000 08:01 817028                     /home/duong/Android/android-sdk-linux/platforms/android-19/android.jar
7fe4f8565000-7fe4f87fe000 rw-p 00000000 00:00 0 
7fe4f87fe000-7fe4f87ff000 ---p 00000000 00:00 0 
7fe4f87ff000-7fe4f88ff000 rw-p 00000000 00:00 0                          [stack:13191]
7fe4f88ff000-7fe4f8900000 ---p 00000000 00:00 0 
7fe4f8900000-7fe4f8a0b000 rw-p 00000000 00:00 0                          [stack:13190]
7fe4f8a0b000-7fe4f8a53000 rw-p 00000000 00:00 0 
7fe4f8a53000-7fe4f8a5e000 rw-p 00000000 00:00 0 
7fe4f8a5e000-7fe4f8b31000 rw-p 00000000 00:00 0 
7fe4f8b31000-7fe4f8b3c000 rw-p 00000000 00:00 0 
7fe4f8b3c000-7fe4f8b84000 rw-p 00000000 00:00 0 
7fe4f8b84000-7fe4f8b8f000 rw-p 00000000 00:00 0 
7fe4f8b8f000-7fe4f8c62000 rw-p 00000000 00:00 0 
7fe4f8c62000-7fe4f8c68000 rw-p 00000000 00:00 0 
7fe4f8c68000-7fe4f8cd1000 rw-p 00000000 00:00 0 
7fe4f8cd1000-7fe4f8cd2000 rw-p 00000000 00:00 0 
7fe4f8cd2000-7fe4f8cda000 r-xp 00000000 08:01 801466                     /usr/lib/jvm/java-7-openjdk-amd64/jre/lib/amd64/libzip.so
7fe4f8cda000-7fe4f8ed9000 ---p 00008000 08:01 801466                     /usr/lib/jvm/java-7-openjdk-amd64/jre/lib/amd64/libzip.so
7fe4f8ed9000-7fe4f8eda000 r--p 00007000 08:01 801466                     /usr/lib/jvm/java-7-openjdk-amd64/jre/lib/amd64/libzip.so
7fe4f8eda000-7fe4f8edb000 rw-p 00008000 08:01 801466                     /usr/lib/jvm/java-7-openjdk-amd64/jre/lib/amd64/libzip.so
7fe4f8edb000-7fe4f8ee6000 r-xp 00000000 08:01 931895                     /lib/x86_64-linux-gnu/libnss_files-2.19.so
7fe4f8ee6000-7fe4f90e5000 ---p 0000b000 08:01 931895                     /lib/x86_64-linux-gnu/libnss_files-2.19.so
7fe4f90e5000-7fe4f90e6000 r--p 0000a000 08:01 931895                     /lib/x86_64-linux-gnu/libnss_files-2.19.so
7fe4f90e6000-7fe4f90e7000 rw-p 0000b000 08:01 931895                     /lib/x86_64-linux-gnu/libnss_files-2.19.so
7fe4f90e7000-7fe4f90f2000 r-xp 00000000 08:01 931896                     /lib/x86_64-linux-gnu/libnss_nis-2.19.so
7fe4f90f2000-7fe4f92f1000 ---p 0000b000 08:01 931896                     /lib/x86_64-linux-gnu/libnss_nis-2.19.so
7fe4f92f1000-7fe4f92f2000 r--p 0000a000 08:01 931896                     /lib/x86_64-linux-gnu/libnss_nis-2.19.so
7fe4f92f2000-7fe4f92f3000 rw-p 0000b000 08:01 931896                     /lib/x86_64-linux-gnu/libnss_nis-2.19.so
7fe4f92f3000-7fe4f930a000 r-xp 00000000 08:01 928601                     /lib/x86_64-linux-gnu/libnsl-2.19.so
7fe4f930a000-7fe4f9509000 ---p 00017000 08:01 928601                     /lib/x86_64-linux-gnu/libnsl-2.19.so
7fe4f9509000-7fe4f950a000 r--p 00016000 08:01 928601                     /lib/x86_64-linux-gnu/libnsl-2.19.so
7fe4f950a000-7fe4f950b000 rw-p 00017000 08:01 928601                     /lib/x86_64-linux-gnu/libnsl-2.19.so
7fe4f950b000-7fe4f950d000 rw-p 00000000 00:00 0 
7fe4f950d000-7fe4f9516000 r-xp 00000000 08:01 928595                     /lib/x86_64-linux-gnu/libnss_compat-2.19.so
7fe4f9516000-7fe4f9715000 ---p 00009000 08:01 928595                     /lib/x86_64-linux-gnu/libnss_compat-2.19.so
7fe4f9715000-7fe4f9716000 r--p 00008000 08:01 928595                     /lib/x86_64-linux-gnu/libnss_compat-2.19.so
7fe4f9716000-7fe4f9717000 rw-p 00009000 08:01 928595                     /lib/x86_64-linux-gnu/libnss_compat-2.19.so
7fe4f9717000-7fe4f9742000 r-xp 00000000 08:01 801481                     /usr/lib/jvm/java-7-openjdk-amd64/jre/lib/amd64/libjava.so
7fe4f9742000-7fe4f9941000 ---p 0002b000 08:01 801481                     /usr/lib/jvm/java-7-openjdk-amd64/jre/lib/amd64/libjava.so
7fe4f9941000-7fe4f9942000 r--p 0002a000 08:01 801481                     /usr/lib/jvm/java-7-openjdk-amd64/jre/lib/amd64/libjava.so
7fe4f9942000-7fe4f9944000 rw-p 0002b000 08:01 801481                     /usr/lib/jvm/java-7-openjdk-amd64/jre/lib/amd64/libjava.so
7fe4f9944000-7fe4f9954000 r-xp 00000000 08:01 801503                     /usr/lib/jvm/java-7-openjdk-amd64/jre/lib/amd64/libverify.so
7fe4f9954000-7fe4f9b53000 ---p 00010000 08:01 801503                     /usr/lib/jvm/java-7-openjdk-amd64/jre/lib/amd64/libverify.so
7fe4f9b53000-7fe4f9b55000 r--p 0000f000 08:01 801503                     /usr/lib/jvm/java-7-openjdk-amd64/jre/lib/amd64/libverify.so
7fe4f9b55000-7fe4f9b56000 rw-p 00011000 08:01 801503                     /usr/lib/jvm/java-7-openjdk-amd64/jre/lib/amd64/libverify.so
7fe4f9b56000-7fe4f9b5d000 r-xp 00000000 08:01 928605                     /lib/x86_64-linux-gnu/librt-2.19.so
7fe4f9b5d000-7fe4f9d5c000 ---p 00007000 08:01 928605                     /lib/x86_64-linux-gnu/librt-2.19.so
7fe4f9d5c000-7fe4f9d5d000 r--p 00006000 08:01 928605                     /lib/x86_64-linux-gnu/librt-2.19.so
7fe4f9d5d000-7fe4f9d5e000 rw-p 00007000 08:01 928605                     /lib/x86_64-linux-gnu/librt-2.19.so
7fe4f9d5e000-7fe4f9d74000 r-xp 00000000 08:01 921940                     /lib/x86_64-linux-gnu/libgcc_s.so.1
7fe4f9d74000-7fe4f9f73000 ---p 00016000 08:01 921940                     /lib/x86_64-linux-gnu/libgcc_s.so.1
7fe4f9f73000-7fe4f9f74000 rw-p 00015000 08:01 921940                     /lib/x86_64-linux-gnu/libgcc_s.so.1
7fe4f9f74000-7fe4fa079000 r-xp 00000000 08:01 931889                     /lib/x86_64-linux-gnu/libm-2.19.so
7fe4fa079000-7fe4fa278000 ---p 00105000 08:01 931889                     /lib/x86_64-linux-gnu/libm-2.19.so
7fe4fa278000-7fe4fa279000 r--p 00104000 08:01 931889                     /lib/x86_64-linux-gnu/libm-2.19.so
7fe4fa279000-7fe4fa27a000 rw-p 00105000 08:01 931889                     /lib/x86_64-linux-gnu/libm-2.19.so
7fe4fa27a000-7fe4fa360000 r-xp 00000000 08:01 665207                     /usr/lib/x86_64-linux-gnu/libstdc++.so.6.0.19
7fe4fa360000-7fe4fa55f000 ---p 000e6000 08:01 665207                     /usr/lib/x86_64-linux-gnu/libstdc++.so.6.0.19
7fe4fa55f000-7fe4fa567000 r--p 000e5000 08:01 665207                     /usr/lib/x86_64-linux-gnu/libstdc++.so.6.0.19
7fe4fa567000-7fe4fa569000 rw-p 000ed000 08:01 665207                     /usr/lib/x86_64-linux-gnu/libstdc++.so.6.0.19
7fe4fa569000-7fe4fa57e000 rw-p 00000000 00:00 0 
7fe4fa57e000-7fe4fb094000 r-xp 00000000 08:01 801509                     /usr/lib/jvm/java-7-openjdk-amd64/jre/lib/amd64/server/libjvm.so
7fe4fb094000-7fe4fb293000 ---p 00b16000 08:01 801509                     /usr/lib/jvm/java-7-openjdk-amd64/jre/lib/amd64/server/libjvm.so
7fe4fb293000-7fe4fb32d000 r--p 00b15000 08:01 801509                     /usr/lib/jvm/java-7-openjdk-amd64/jre/lib/amd64/server/libjvm.so
7fe4fb32d000-7fe4fb350000 rw-p 00baf000 08:01 801509                     /usr/lib/jvm/java-7-openjdk-amd64/jre/lib/amd64/server/libjvm.so
7fe4fb350000-7fe4fb37e000 rw-p 00000000 00:00 0 
7fe4fb37e000-7fe4fb396000 r-xp 00000000 08:01 922123                     /lib/x86_64-linux-gnu/libz.so.1.2.8
7fe4fb396000-7fe4fb595000 ---p 00018000 08:01 922123                     /lib/x86_64-linux-gnu/libz.so.1.2.8
7fe4fb595000-7fe4fb596000 r--p 00017000 08:01 922123                     /lib/x86_64-linux-gnu/libz.so.1.2.8
7fe4fb596000-7fe4fb597000 rw-p 00018000 08:01 922123                     /lib/x86_64-linux-gnu/libz.so.1.2.8
7fe4fb597000-7fe4fb5b0000 r-xp 00000000 08:01 931901                     /lib/x86_64-linux-gnu/libpthread-2.19.so
7fe4fb5b0000-7fe4fb7af000 ---p 00019000 08:01 931901                     /lib/x86_64-linux-gnu/libpthread-2.19.so
7fe4fb7af000-7fe4fb7b0000 r--p 00018000 08:01 931901                     /lib/x86_64-linux-gnu/libpthread-2.19.so
7fe4fb7b0000-7fe4fb7b1000 rw-p 00019000 08:01 931901                     /lib/x86_64-linux-gnu/libpthread-2.19.so
7fe4fb7b1000-7fe4fb7b5000 rw-p 00000000 00:00 0 
7fe4fb7b5000-7fe4fb7b8000 r-xp 00000000 08:01 931900                     /lib/x86_64-linux-gnu/libdl-2.19.so
7fe4fb7b8000-7fe4fb9b7000 ---p 00003000 08:01 931900                     /lib/x86_64-linux-gnu/libdl-2.19.so
7fe4fb9b7000-7fe4fb9b8000 r--p 00002000 08:01 931900                     /lib/x86_64-linux-gnu/libdl-2.19.so
7fe4fb9b8000-7fe4fb9b9000 rw-p 00003000 08:01 931900                     /lib/x86_64-linux-gnu/libdl-2.19.so
7fe4fb9b9000-7fe4fbb74000 r-xp 00000000 08:01 928613                     /lib/x86_64-linux-gnu/libc-2.19.so
7fe4fbb74000-7fe4fbd74000 ---p 001bb000 08:01 928613                     /lib/x86_64-linux-gnu/libc-2.19.so
7fe4fbd74000-7fe4fbd78000 r--p 001bb000 08:01 928613                     /lib/x86_64-linux-gnu/libc-2.19.so
7fe4fbd78000-7fe4fbd7a000 rw-p 001bf000 08:01 928613                     /lib/x86_64-linux-gnu/libc-2.19.so
7fe4fbd7a000-7fe4fbd7f000 rw-p 00000000 00:00 0 
7fe4fbd7f000-7fe4fbd8c000 r-xp 00000000 08:01 801477                     /usr/lib/jvm/java-7-openjdk-amd64/jre/lib/amd64/jli/libjli.so
7fe4fbd8c000-7fe4fbf8b000 ---p 0000d000 08:01 801477                     /usr/lib/jvm/java-7-openjdk-amd64/jre/lib/amd64/jli/libjli.so
7fe4fbf8b000-7fe4fbf8c000 r--p 0000c000 08:01 801477                     /usr/lib/jvm/java-7-openjdk-amd64/jre/lib/amd64/jli/libjli.so
7fe4fbf8c000-7fe4fbf8d000 rw-p 0000d000 08:01 801477                     /usr/lib/jvm/java-7-openjdk-amd64/jre/lib/amd64/jli/libjli.so
7fe4fbf8d000-7fe4fbfb0000 r-xp 00000000 08:01 928615                     /lib/x86_64-linux-gnu/ld-2.19.so
7fe4fbfc2000-7fe4fbfdd000 rw-p 00000000 00:00 0 
7fe4fbfdd000-7fe4fc093000 rw-p 00000000 00:00 0 
7fe4fc093000-7fe4fc096000 ---p 00000000 00:00 0 
7fe4fc096000-7fe4fc199000 rw-p 00000000 00:00 0                          [stack:13189]
7fe4fc1a1000-7fe4fc1a3000 rw-p 00000000 00:00 0 
7fe4fc1a3000-7fe4fc1ab000 rw-s 00000000 08:01 796597                     /tmp/hsperfdata_duong/13183
7fe4fc1ab000-7fe4fc1ac000 rw-p 00000000 00:00 0 
7fe4fc1ac000-7fe4fc1ad000 r--p 00000000 00:00 0 
7fe4fc1ad000-7fe4fc1af000 rw-p 00000000 00:00 0 
7fe4fc1af000-7fe4fc1b0000 r--p 00022000 08:01 928615                     /lib/x86_64-linux-gnu/ld-2.19.so
7fe4fc1b0000-7fe4fc1b1000 rw-p 00023000 08:01 928615                     /lib/x86_64-linux-gnu/ld-2.19.so
7fe4fc1b1000-7fe4fc1b2000 rw-p 00000000 00:00 0 
7fff10c31000-7fff10c52000 rw-p 00000000 00:00 0                          [stack]
7fff10d0f000-7fff10d11000 r-xp 00000000 00:00 0                          [vdso]
ffffffffff600000-ffffffffff601000 r-xp 00000000 00:00 0                  [vsyscall]

VM Arguments:
jvm_args: -Dfile.encoding=UTF-8 -Xbootclasspath:/home/duong/Android/android-sdk-linux/platforms/android-19/android.jar 
java_command: com.pjwstk.rehapp.api.ConnectionWS
Launcher Type: SUN_STANDARD

Environment Variables:
PATH=/usr/local/sbin:/usr/local/bin:/usr/sbin:/usr/bin:/sbin:/bin:/usr/games:/usr/local/games
SHELL=/bin/bash
DISPLAY=:0.0

Signal Handlers:
SIGSEGV: [libjvm.so+0x9495e0], sa_mask[0]=0x7ffbfeff, sa_flags=0x10000004
SIGBUS: [libjvm.so+0x9495e0], sa_mask[0]=0x7ffbfeff, sa_flags=0x10000004
SIGFPE: [libjvm.so+0x7c3410], sa_mask[0]=0x7ffbfeff, sa_flags=0x10000004
SIGPIPE: [libjvm.so+0x7c3410], sa_mask[0]=0x7ffbfeff, sa_flags=0x10000004
SIGXFSZ: [libjvm.so+0x7c3410], sa_mask[0]=0x7ffbfeff, sa_flags=0x10000004
SIGILL: [libjvm.so+0x7c3410], sa_mask[0]=0x7ffbfeff, sa_flags=0x10000004
SIGUSR1: SIG_DFL, sa_mask[0]=0x00000000, sa_flags=0x00000000
SIGUSR2: [libjvm.so+0x7c32b0], sa_mask[0]=0x00000004, sa_flags=0x10000004
SIGHUP: SIG_DFL, sa_mask[0]=0x00000000, sa_flags=0x00000000
SIGINT: SIG_DFL, sa_mask[0]=0x00000000, sa_flags=0x00000000
SIGTERM: SIG_DFL, sa_mask[0]=0x00000000, sa_flags=0x00000000
SIGQUIT: SIG_DFL, sa_mask[0]=0x00000000, sa_flags=0x00000000
SIGTRAP: SIG_DFL, sa_mask[0]=0x00000000, sa_flags=0x00000000


---------------  S Y S T E M  ---------------

OS:Ubuntu 14.04 (trusty)
uname:Linux 3.13.0-24-generic #47-Ubuntu SMP Fri May 2 23:30:00 UTC 2014 x86_64
libc:glibc 2.19 NPTL 2.19 
rlimit: STACK 8192k, CORE 0k, NPROC 15790, NOFILE 4096, AS infinity
load average:0.20 0.10 0.06

/proc/meminfo:
MemTotal:        2042732 kB
MemFree:          734388 kB
Buffers:           24176 kB
Cached:           185252 kB
SwapCached:         7308 kB
Active:           853556 kB
Inactive:         258924 kB
Active(anon):     781604 kB
Inactive(anon):   130768 kB
Active(file):      71952 kB
Inactive(file):   128156 kB
Unevictable:          48 kB
Mlocked:              48 kB
SwapTotal:       2094076 kB
SwapFree:        1988112 kB
Dirty:                32 kB
Writeback:             0 kB
AnonPages:        897720 kB
Mapped:            62772 kB
Shmem:              9308 kB
Slab:              98592 kB
SReclaimable:      69920 kB
SUnreclaim:        28672 kB
KernelStack:        4240 kB
PageTables:        22196 kB
NFS_Unstable:          0 kB
Bounce:                0 kB
WritebackTmp:          0 kB
CommitLimit:     3115440 kB
Committed_AS:    2296852 kB
VmallocTotal:   34359738367 kB
VmallocUsed:      164024 kB
VmallocChunk:   34359522416 kB
HardwareCorrupted:     0 kB
AnonHugePages:    782336 kB
HugePages_Total:       0
HugePages_Free:        0
HugePages_Rsvd:        0
HugePages_Surp:        0
Hugepagesize:       2048 kB
DirectMap4k:       57216 kB
DirectMap2M:     2039808 kB


CPU:total 2 (2 cores per cpu, 1 threads per core) family 6 model 37 stepping 5, cmov, cx8, fxsr, mmx, sse, sse2, sse3, ssse3, sse4.1, sse4.2, popcnt, tsc, tscinvbit

/proc/cpuinfo:
processor	: 0
vendor_id	: GenuineIntel
cpu family	: 6
model		: 37
model name	: Intel(R) Core(TM) i5 CPU       M 480  @ 2.67GHz
stepping	: 5
microcode	: 0x2
cpu MHz		: 2660.079
cache size	: 3072 KB
physical id	: 0
siblings	: 2
core id		: 0
cpu cores	: 2
apicid		: 0
initial apicid	: 0
fpu		: yes
fpu_exception	: yes
cpuid level	: 11
wp		: yes
flags		: fpu vme de pse tsc msr pae mce cx8 apic sep mtrr pge mca cmov pat pse36 clflush dts mmx fxsr sse sse2 ss ht syscall nx rdtscp lm constant_tsc arch_perfmon pebs bts nopl xtopology tsc_reliable nonstop_tsc aperfmperf pni ssse3 cx16 sse4_1 sse4_2 x2apic popcnt hypervisor lahf_lm ida arat dtherm
bogomips	: 5320.15
clflush size	: 64
cache_alignment	: 64
address sizes	: 40 bits physical, 48 bits virtual
power management:

processor	: 1
vendor_id	: GenuineIntel
cpu family	: 6
model		: 37
model name	: Intel(R) Core(TM) i5 CPU       M 480  @ 2.67GHz
stepping	: 5
microcode	: 0x2
cpu MHz		: 2660.079
cache size	: 3072 KB
physical id	: 0
siblings	: 2
core id		: 1
cpu cores	: 2
apicid		: 1
initial apicid	: 1
fpu		: yes
fpu_exception	: yes
cpuid level	: 11
wp		: yes
flags		: fpu vme de pse tsc msr pae mce cx8 apic sep mtrr pge mca cmov pat pse36 clflush dts mmx fxsr sse sse2 ss ht syscall nx rdtscp lm constant_tsc arch_perfmon pebs bts nopl xtopology tsc_reliable nonstop_tsc aperfmperf pni ssse3 cx16 sse4_1 sse4_2 x2apic popcnt hypervisor lahf_lm ida arat dtherm
bogomips	: 5320.15
clflush size	: 64
cache_alignment	: 64
address sizes	: 40 bits physical, 48 bits virtual
power management:



Memory: 4k page, physical 2042732k(734388k free), swap 2094076k(1988112k free)

vm_info: OpenJDK 64-Bit Server VM (24.65-b04) for linux-amd64 JRE (1.7.0_65-b32), built on Oct 22 2014 04:37:44 by "buildd" with gcc 4.8.2

time: Wed Dec 10 23:06:40 2014
elapsed time: 0 seconds

