#
# A fatal error has been detected by the Java Runtime Environment:
#
#  Internal Error (javaClasses.cpp:139), pid=13298, tid=140429019731712
#  fatal error: Invalid layout of preloaded class
#
# JRE version:  (7.0_65-b32) (build )
# Java VM: OpenJDK 64-Bit Server VM (24.65-b04 mixed mode linux-amd64 compressed oops)
# Derivative: IcedTea 2.5.3
# Distribution: Ubuntu 14.04 LTS, package 7u71-2.5.3-0ubuntu0.14.04.1
# Failed to write core dump. Core dumps have been disabled. To enable core dumping, try "ulimit -c unlimited" before starting Java again
#
# If you would like to submit a bug report, please include
# instructions on how to reproduce the bug and visit:
#   http://icedtea.classpath.org/bugzilla
#

---------------  T H R E A D  ---------------

Current thread (0x00007fb82400a000):  JavaThread "Unknown thread" [_thread_in_vm, id=13304, stack(0x00007fb82dc65000,0x00007fb82dd66000)]

Stack: [0x00007fb82dc65000,0x00007fb82dd66000],  sp=0x00007fb82dd64900,  free space=1022k
Native frames: (J=compiled Java code, j=interpreted, Vv=VM code, C=native code)
V  [libjvm.so+0x948b05]  VMError::report_and_die()+0x175
V  [libjvm.so+0x48bba4]  report_fatal(char const*, int, char const*)+0x54
V  [libjvm.so+0x5e8ce0]  compute_offset(int&, klassOopDesc*, Symbol*, Symbol*, bool) [clone .constprop.120]+0xc0
V  [libjvm.so+0x5e8db6]  java_lang_String::compute_offsets()+0x36
V  [libjvm.so+0x8ce6ec]  SystemDictionary::initialize_preloaded_classes(Thread*)+0xcc
V  [libjvm.so+0x919fd8]  Universe::genesis(Thread*)+0x468
V  [libjvm.so+0x91a5e4]  universe2_init()+0x24
V  [libjvm.so+0x59d29a]  init_globals()+0x9a
V  [libjvm.so+0x8fd3bf]  Threads::create_vm(JavaVMInitArgs*, bool*)+0x35f
V  [libjvm.so+0x6085d4]  JNI_CreateJavaVM+0x54
C  [libjli.so+0x2b48]


---------------  P R O C E S S  ---------------

Java Threads: ( => current thread )

Other Threads:

=>0x00007fb82400a000 (exited) JavaThread "Unknown thread" [_thread_in_vm, id=13304, stack(0x00007fb82dc65000,0x00007fb82dd66000)]

VM state:not at safepoint (not fully initialized)

VM Mutex/Monitor currently owned by a thread: None

GC Heap History (0 events):
No events

Deoptimization events (0 events):
No events

Internal exceptions (0 events):
No events

Events (10 events):
Event: 0.031 loading class 0x00007fb8287ad6f0 done
Event: 0.032 loading class 0x00007fb8287ad110 done
Event: 0.032 loading class 0x00007fb8287ad0f0
Event: 0.032 loading class 0x00007fb8287b5180
Event: 0.032 loading class 0x00007fb8287b5180 done
Event: 0.032 loading class 0x00007fb8287b51b0
Event: 0.032 loading class 0x00007fb8287b51b0 done
Event: 0.032 loading class 0x00007fb8287b51e0
Event: 0.032 loading class 0x00007fb8287b51e0 done
Event: 0.032 loading class 0x00007fb8287ad0f0 done


Dynamic libraries:
00400000-00401000 r-xp 00000000 08:01 801593                             /usr/lib/jvm/java-7-openjdk-amd64/jre/bin/java
00600000-00601000 r--p 00000000 08:01 801593                             /usr/lib/jvm/java-7-openjdk-amd64/jre/bin/java
00601000-00602000 rw-p 00001000 08:01 801593                             /usr/lib/jvm/java-7-openjdk-amd64/jre/bin/java
009b0000-009d1000 rw-p 00000000 00:00 0                                  [heap]
cc000000-cd500000 rw-p 00000000 00:00 0 
cd500000-d6600000 rw-p 00000000 00:00 0 
d6600000-d7a80000 rw-p 00000000 00:00 0 
d7a80000-f2200000 rw-p 00000000 00:00 0 
f2200000-f2c80000 rw-p 00000000 00:00 0 
f2c80000-100000000 rw-p 00000000 00:00 0 
7fb814000000-7fb814021000 rw-p 00000000 00:00 0 
7fb814021000-7fb818000000 ---p 00000000 00:00 0 
7fb81c000000-7fb81c021000 rw-p 00000000 00:00 0 
7fb81c021000-7fb820000000 ---p 00000000 00:00 0 
7fb821000000-7fb821270000 rwxp 00000000 00:00 0 
7fb821270000-7fb824052000 rw-p 00000000 00:00 0 
7fb824052000-7fb828000000 ---p 00000000 00:00 0 
7fb8283ff000-7fb828660000 rw-p 00000000 00:00 0 
7fb828660000-7fb828737000 r--s 013fe000 08:01 817028                     /home/duong/Android/android-sdk-linux/platforms/android-19/android.jar
7fb828737000-7fb82a3d0000 rw-p 00000000 00:00 0 
7fb82a3d0000-7fb82a3d1000 ---p 00000000 00:00 0 
7fb82a3d1000-7fb82a4d1000 rw-p 00000000 00:00 0                          [stack:13309]
7fb82a4d1000-7fb82a4d2000 ---p 00000000 00:00 0 
7fb82a4d2000-7fb82a5dd000 rw-p 00000000 00:00 0                          [stack:13308]
7fb82a5dd000-7fb82a625000 rw-p 00000000 00:00 0 
7fb82a625000-7fb82a630000 rw-p 00000000 00:00 0 
7fb82a630000-7fb82a703000 rw-p 00000000 00:00 0 
7fb82a703000-7fb82a70e000 rw-p 00000000 00:00 0 
7fb82a70e000-7fb82a756000 rw-p 00000000 00:00 0 
7fb82a756000-7fb82a761000 rw-p 00000000 00:00 0 
7fb82a761000-7fb82a834000 rw-p 00000000 00:00 0 
7fb82a834000-7fb82a83a000 rw-p 00000000 00:00 0 
7fb82a83a000-7fb82a8a3000 rw-p 00000000 00:00 0 
7fb82a8a3000-7fb82a8a4000 rw-p 00000000 00:00 0 
7fb82a8a4000-7fb82a8ac000 r-xp 00000000 08:01 801466                     /usr/lib/jvm/java-7-openjdk-amd64/jre/lib/amd64/libzip.so
7fb82a8ac000-7fb82aaab000 ---p 00008000 08:01 801466                     /usr/lib/jvm/java-7-openjdk-amd64/jre/lib/amd64/libzip.so
7fb82aaab000-7fb82aaac000 r--p 00007000 08:01 801466                     /usr/lib/jvm/java-7-openjdk-amd64/jre/lib/amd64/libzip.so
7fb82aaac000-7fb82aaad000 rw-p 00008000 08:01 801466                     /usr/lib/jvm/java-7-openjdk-amd64/jre/lib/amd64/libzip.so
7fb82aaad000-7fb82aab8000 r-xp 00000000 08:01 931895                     /lib/x86_64-linux-gnu/libnss_files-2.19.so
7fb82aab8000-7fb82acb7000 ---p 0000b000 08:01 931895                     /lib/x86_64-linux-gnu/libnss_files-2.19.so
7fb82acb7000-7fb82acb8000 r--p 0000a000 08:01 931895                     /lib/x86_64-linux-gnu/libnss_files-2.19.so
7fb82acb8000-7fb82acb9000 rw-p 0000b000 08:01 931895                     /lib/x86_64-linux-gnu/libnss_files-2.19.so
7fb82acb9000-7fb82acc4000 r-xp 00000000 08:01 931896                     /lib/x86_64-linux-gnu/libnss_nis-2.19.so
7fb82acc4000-7fb82aec3000 ---p 0000b000 08:01 931896                     /lib/x86_64-linux-gnu/libnss_nis-2.19.so
7fb82aec3000-7fb82aec4000 r--p 0000a000 08:01 931896                     /lib/x86_64-linux-gnu/libnss_nis-2.19.so
7fb82aec4000-7fb82aec5000 rw-p 0000b000 08:01 931896                     /lib/x86_64-linux-gnu/libnss_nis-2.19.so
7fb82aec5000-7fb82aedc000 r-xp 00000000 08:01 928601                     /lib/x86_64-linux-gnu/libnsl-2.19.so
7fb82aedc000-7fb82b0db000 ---p 00017000 08:01 928601                     /lib/x86_64-linux-gnu/libnsl-2.19.so
7fb82b0db000-7fb82b0dc000 r--p 00016000 08:01 928601                     /lib/x86_64-linux-gnu/libnsl-2.19.so
7fb82b0dc000-7fb82b0dd000 rw-p 00017000 08:01 928601                     /lib/x86_64-linux-gnu/libnsl-2.19.so
7fb82b0dd000-7fb82b0df000 rw-p 00000000 00:00 0 
7fb82b0df000-7fb82b0e8000 r-xp 00000000 08:01 928595                     /lib/x86_64-linux-gnu/libnss_compat-2.19.so
7fb82b0e8000-7fb82b2e7000 ---p 00009000 08:01 928595                     /lib/x86_64-linux-gnu/libnss_compat-2.19.so
7fb82b2e7000-7fb82b2e8000 r--p 00008000 08:01 928595                     /lib/x86_64-linux-gnu/libnss_compat-2.19.so
7fb82b2e8000-7fb82b2e9000 rw-p 00009000 08:01 928595                     /lib/x86_64-linux-gnu/libnss_compat-2.19.so
7fb82b2e9000-7fb82b314000 r-xp 00000000 08:01 801481                     /usr/lib/jvm/java-7-openjdk-amd64/jre/lib/amd64/libjava.so
7fb82b314000-7fb82b513000 ---p 0002b000 08:01 801481                     /usr/lib/jvm/java-7-openjdk-amd64/jre/lib/amd64/libjava.so
7fb82b513000-7fb82b514000 r--p 0002a000 08:01 801481                     /usr/lib/jvm/java-7-openjdk-amd64/jre/lib/amd64/libjava.so
7fb82b514000-7fb82b516000 rw-p 0002b000 08:01 801481                     /usr/lib/jvm/java-7-openjdk-amd64/jre/lib/amd64/libjava.so
7fb82b516000-7fb82b526000 r-xp 00000000 08:01 801503                     /usr/lib/jvm/java-7-openjdk-amd64/jre/lib/amd64/libverify.so
7fb82b526000-7fb82b725000 ---p 00010000 08:01 801503                     /usr/lib/jvm/java-7-openjdk-amd64/jre/lib/amd64/libverify.so
7fb82b725000-7fb82b727000 r--p 0000f000 08:01 801503                     /usr/lib/jvm/java-7-openjdk-amd64/jre/lib/amd64/libverify.so
7fb82b727000-7fb82b728000 rw-p 00011000 08:01 801503                     /usr/lib/jvm/java-7-openjdk-amd64/jre/lib/amd64/libverify.so
7fb82b728000-7fb82b72f000 r-xp 00000000 08:01 928605                     /lib/x86_64-linux-gnu/librt-2.19.so
7fb82b72f000-7fb82b92e000 ---p 00007000 08:01 928605                     /lib/x86_64-linux-gnu/librt-2.19.so
7fb82b92e000-7fb82b92f000 r--p 00006000 08:01 928605                     /lib/x86_64-linux-gnu/librt-2.19.so
7fb82b92f000-7fb82b930000 rw-p 00007000 08:01 928605                     /lib/x86_64-linux-gnu/librt-2.19.so
7fb82b930000-7fb82b946000 r-xp 00000000 08:01 921940                     /lib/x86_64-linux-gnu/libgcc_s.so.1
7fb82b946000-7fb82bb45000 ---p 00016000 08:01 921940                     /lib/x86_64-linux-gnu/libgcc_s.so.1
7fb82bb45000-7fb82bb46000 rw-p 00015000 08:01 921940                     /lib/x86_64-linux-gnu/libgcc_s.so.1
7fb82bb46000-7fb82bc4b000 r-xp 00000000 08:01 931889                     /lib/x86_64-linux-gnu/libm-2.19.so
7fb82bc4b000-7fb82be4a000 ---p 00105000 08:01 931889                     /lib/x86_64-linux-gnu/libm-2.19.so
7fb82be4a000-7fb82be4b000 r--p 00104000 08:01 931889                     /lib/x86_64-linux-gnu/libm-2.19.so
7fb82be4b000-7fb82be4c000 rw-p 00105000 08:01 931889                     /lib/x86_64-linux-gnu/libm-2.19.so
7fb82be4c000-7fb82bf32000 r-xp 00000000 08:01 665207                     /usr/lib/x86_64-linux-gnu/libstdc++.so.6.0.19
7fb82bf32000-7fb82c131000 ---p 000e6000 08:01 665207                     /usr/lib/x86_64-linux-gnu/libstdc++.so.6.0.19
7fb82c131000-7fb82c139000 r--p 000e5000 08:01 665207                     /usr/lib/x86_64-linux-gnu/libstdc++.so.6.0.19
7fb82c139000-7fb82c13b000 rw-p 000ed000 08:01 665207                     /usr/lib/x86_64-linux-gnu/libstdc++.so.6.0.19
7fb82c13b000-7fb82c150000 rw-p 00000000 00:00 0 
7fb82c150000-7fb82cc66000 r-xp 00000000 08:01 801509                     /usr/lib/jvm/java-7-openjdk-amd64/jre/lib/amd64/server/libjvm.so
7fb82cc66000-7fb82ce65000 ---p 00b16000 08:01 801509                     /usr/lib/jvm/java-7-openjdk-amd64/jre/lib/amd64/server/libjvm.so
7fb82ce65000-7fb82ceff000 r--p 00b15000 08:01 801509                     /usr/lib/jvm/java-7-openjdk-amd64/jre/lib/amd64/server/libjvm.so
7fb82ceff000-7fb82cf22000 rw-p 00baf000 08:01 801509                     /usr/lib/jvm/java-7-openjdk-amd64/jre/lib/amd64/server/libjvm.so
7fb82cf22000-7fb82cf50000 rw-p 00000000 00:00 0 
7fb82cf50000-7fb82cf68000 r-xp 00000000 08:01 922123                     /lib/x86_64-linux-gnu/libz.so.1.2.8
7fb82cf68000-7fb82d167000 ---p 00018000 08:01 922123                     /lib/x86_64-linux-gnu/libz.so.1.2.8
7fb82d167000-7fb82d168000 r--p 00017000 08:01 922123                     /lib/x86_64-linux-gnu/libz.so.1.2.8
7fb82d168000-7fb82d169000 rw-p 00018000 08:01 922123                     /lib/x86_64-linux-gnu/libz.so.1.2.8
7fb82d169000-7fb82d182000 r-xp 00000000 08:01 931901                     /lib/x86_64-linux-gnu/libpthread-2.19.so
7fb82d182000-7fb82d381000 ---p 00019000 08:01 931901                     /lib/x86_64-linux-gnu/libpthread-2.19.so
7fb82d381000-7fb82d382000 r--p 00018000 08:01 931901                     /lib/x86_64-linux-gnu/libpthread-2.19.so
7fb82d382000-7fb82d383000 rw-p 00019000 08:01 931901                     /lib/x86_64-linux-gnu/libpthread-2.19.so
7fb82d383000-7fb82d387000 rw-p 00000000 00:00 0 
7fb82d387000-7fb82d38a000 r-xp 00000000 08:01 931900                     /lib/x86_64-linux-gnu/libdl-2.19.so
7fb82d38a000-7fb82d589000 ---p 00003000 08:01 931900                     /lib/x86_64-linux-gnu/libdl-2.19.so
7fb82d589000-7fb82d58a000 r--p 00002000 08:01 931900                     /lib/x86_64-linux-gnu/libdl-2.19.so
7fb82d58a000-7fb82d58b000 rw-p 00003000 08:01 931900                     /lib/x86_64-linux-gnu/libdl-2.19.so
7fb82d58b000-7fb82d746000 r-xp 00000000 08:01 928613                     /lib/x86_64-linux-gnu/libc-2.19.so
7fb82d746000-7fb82d946000 ---p 001bb000 08:01 928613                     /lib/x86_64-linux-gnu/libc-2.19.so
7fb82d946000-7fb82d94a000 r--p 001bb000 08:01 928613                     /lib/x86_64-linux-gnu/libc-2.19.so
7fb82d94a000-7fb82d94c000 rw-p 001bf000 08:01 928613                     /lib/x86_64-linux-gnu/libc-2.19.so
7fb82d94c000-7fb82d951000 rw-p 00000000 00:00 0 
7fb82d951000-7fb82d95e000 r-xp 00000000 08:01 801477                     /usr/lib/jvm/java-7-openjdk-amd64/jre/lib/amd64/jli/libjli.so
7fb82d95e000-7fb82db5d000 ---p 0000d000 08:01 801477                     /usr/lib/jvm/java-7-openjdk-amd64/jre/lib/amd64/jli/libjli.so
7fb82db5d000-7fb82db5e000 r--p 0000c000 08:01 801477                     /usr/lib/jvm/java-7-openjdk-amd64/jre/lib/amd64/jli/libjli.so
7fb82db5e000-7fb82db5f000 rw-p 0000d000 08:01 801477                     /usr/lib/jvm/java-7-openjdk-amd64/jre/lib/amd64/jli/libjli.so
7fb82db5f000-7fb82db82000 r-xp 00000000 08:01 928615                     /lib/x86_64-linux-gnu/ld-2.19.so
7fb82db94000-7fb82dbaf000 rw-p 00000000 00:00 0 
7fb82dbaf000-7fb82dc65000 rw-p 00000000 00:00 0 
7fb82dc65000-7fb82dc68000 ---p 00000000 00:00 0 
7fb82dc68000-7fb82dd6b000 rw-p 00000000 00:00 0                          [stack:13304]
7fb82dd73000-7fb82dd75000 rw-p 00000000 00:00 0 
7fb82dd75000-7fb82dd7d000 rw-s 00000000 08:01 796597                     /tmp/hsperfdata_duong/13298
7fb82dd7d000-7fb82dd7e000 rw-p 00000000 00:00 0 
7fb82dd7e000-7fb82dd7f000 r--p 00000000 00:00 0 
7fb82dd7f000-7fb82dd81000 rw-p 00000000 00:00 0 
7fb82dd81000-7fb82dd82000 r--p 00022000 08:01 928615                     /lib/x86_64-linux-gnu/ld-2.19.so
7fb82dd82000-7fb82dd83000 rw-p 00023000 08:01 928615                     /lib/x86_64-linux-gnu/ld-2.19.so
7fb82dd83000-7fb82dd84000 rw-p 00000000 00:00 0 
7fff59cc2000-7fff59ce3000 rw-p 00000000 00:00 0                          [stack]
7fff59dbb000-7fff59dbd000 r-xp 00000000 00:00 0                          [vdso]
ffffffffff600000-ffffffffff601000 r-xp 00000000 00:00 0                  [vsyscall]

VM Arguments:
jvm_args: -Dfile.encoding=UTF-8 -Xbootclasspath:/home/duong/Android/android-sdk-linux/platforms/android-19/android.jar 
java_command: com.pjwstk.rehapp.api.ConnectionWS
Launcher Type: SUN_STANDARD

Environment Variables:
PATH=/usr/local/sbin:/usr/local/bin:/usr/sbin:/usr/bin:/sbin:/bin:/usr/games:/usr/local/games
SHELL=/bin/bash
DISPLAY=:0.0

Signal Handlers:
SIGSEGV: [libjvm.so+0x9495e0], sa_mask[0]=0x7ffbfeff, sa_flags=0x10000004
SIGBUS: [libjvm.so+0x9495e0], sa_mask[0]=0x7ffbfeff, sa_flags=0x10000004
SIGFPE: [libjvm.so+0x7c3410], sa_mask[0]=0x7ffbfeff, sa_flags=0x10000004
SIGPIPE: [libjvm.so+0x7c3410], sa_mask[0]=0x7ffbfeff, sa_flags=0x10000004
SIGXFSZ: [libjvm.so+0x7c3410], sa_mask[0]=0x7ffbfeff, sa_flags=0x10000004
SIGILL: [libjvm.so+0x7c3410], sa_mask[0]=0x7ffbfeff, sa_flags=0x10000004
SIGUSR1: SIG_DFL, sa_mask[0]=0x00000000, sa_flags=0x00000000
SIGUSR2: [libjvm.so+0x7c32b0], sa_mask[0]=0x00000004, sa_flags=0x10000004
SIGHUP: SIG_DFL, sa_mask[0]=0x00000000, sa_flags=0x00000000
SIGINT: SIG_DFL, sa_mask[0]=0x00000000, sa_flags=0x00000000
SIGTERM: SIG_DFL, sa_mask[0]=0x00000000, sa_flags=0x00000000
SIGQUIT: SIG_DFL, sa_mask[0]=0x00000000, sa_flags=0x00000000
SIGTRAP: SIG_DFL, sa_mask[0]=0x00000000, sa_flags=0x00000000


---------------  S Y S T E M  ---------------

OS:Ubuntu 14.04 (trusty)
uname:Linux 3.13.0-24-generic #47-Ubuntu SMP Fri May 2 23:30:00 UTC 2014 x86_64
libc:glibc 2.19 NPTL 2.19 
rlimit: STACK 8192k, CORE 0k, NPROC 15790, NOFILE 4096, AS infinity
load average:0.57 0.21 0.10

/proc/meminfo:
MemTotal:        2042732 kB
MemFree:          700872 kB
Buffers:           27424 kB
Cached:           212264 kB
SwapCached:         7684 kB
Active:           860788 kB
Inactive:         284344 kB
Active(anon):     785596 kB
Inactive(anon):   129352 kB
Active(file):      75192 kB
Inactive(file):   154992 kB
Unevictable:          48 kB
Mlocked:              48 kB
SwapTotal:       2094076 kB
SwapFree:        1988128 kB
Dirty:               244 kB
Writeback:             0 kB
AnonPages:        900056 kB
Mapped:            65996 kB
Shmem:              9308 kB
Slab:              98608 kB
SReclaimable:      69928 kB
SUnreclaim:        28680 kB
KernelStack:        4240 kB
PageTables:        22676 kB
NFS_Unstable:          0 kB
Bounce:                0 kB
WritebackTmp:          0 kB
CommitLimit:     3115440 kB
Committed_AS:    2309988 kB
VmallocTotal:   34359738367 kB
VmallocUsed:      164024 kB
VmallocChunk:   34359522416 kB
HardwareCorrupted:     0 kB
AnonHugePages:    784384 kB
HugePages_Total:       0
HugePages_Free:        0
HugePages_Rsvd:        0
HugePages_Surp:        0
Hugepagesize:       2048 kB
DirectMap4k:       57216 kB
DirectMap2M:     2039808 kB


CPU:total 2 (2 cores per cpu, 1 threads per core) family 6 model 37 stepping 5, cmov, cx8, fxsr, mmx, sse, sse2, sse3, ssse3, sse4.1, sse4.2, popcnt, tsc, tscinvbit

/proc/cpuinfo:
processor	: 0
vendor_id	: GenuineIntel
cpu family	: 6
model		: 37
model name	: Intel(R) Core(TM) i5 CPU       M 480  @ 2.67GHz
stepping	: 5
microcode	: 0x2
cpu MHz		: 2660.079
cache size	: 3072 KB
physical id	: 0
siblings	: 2
core id		: 0
cpu cores	: 2
apicid		: 0
initial apicid	: 0
fpu		: yes
fpu_exception	: yes
cpuid level	: 11
wp		: yes
flags		: fpu vme de pse tsc msr pae mce cx8 apic sep mtrr pge mca cmov pat pse36 clflush dts mmx fxsr sse sse2 ss ht syscall nx rdtscp lm constant_tsc arch_perfmon pebs bts nopl xtopology tsc_reliable nonstop_tsc aperfmperf pni ssse3 cx16 sse4_1 sse4_2 x2apic popcnt hypervisor lahf_lm ida arat dtherm
bogomips	: 5320.15
clflush size	: 64
cache_alignment	: 64
address sizes	: 40 bits physical, 48 bits virtual
power management:

processor	: 1
vendor_id	: GenuineIntel
cpu family	: 6
model		: 37
model name	: Intel(R) Core(TM) i5 CPU       M 480  @ 2.67GHz
stepping	: 5
microcode	: 0x2
cpu MHz		: 2660.079
cache size	: 3072 KB
physical id	: 0
siblings	: 2
core id		: 1
cpu cores	: 2
apicid		: 1
initial apicid	: 1
fpu		: yes
fpu_exception	: yes
cpuid level	: 11
wp		: yes
flags		: fpu vme de pse tsc msr pae mce cx8 apic sep mtrr pge mca cmov pat pse36 clflush dts mmx fxsr sse sse2 ss ht syscall nx rdtscp lm constant_tsc arch_perfmon pebs bts nopl xtopology tsc_reliable nonstop_tsc aperfmperf pni ssse3 cx16 sse4_1 sse4_2 x2apic popcnt hypervisor lahf_lm ida arat dtherm
bogomips	: 5320.15
clflush size	: 64
cache_alignment	: 64
address sizes	: 40 bits physical, 48 bits virtual
power management:



Memory: 4k page, physical 2042732k(700872k free), swap 2094076k(1988128k free)

vm_info: OpenJDK 64-Bit Server VM (24.65-b04) for linux-amd64 JRE (1.7.0_65-b32), built on Oct 22 2014 04:37:44 by "buildd" with gcc 4.8.2

time: Wed Dec 10 23:07:46 2014
elapsed time: 0 seconds

