#
# A fatal error has been detected by the Java Runtime Environment:
#
#  Internal Error (javaClasses.cpp:139), pid=13334, tid=140408761702144
#  fatal error: Invalid layout of preloaded class
#
# JRE version:  (7.0_65-b32) (build )
# Java VM: OpenJDK 64-Bit Server VM (24.65-b04 mixed mode linux-amd64 compressed oops)
# Derivative: IcedTea 2.5.3
# Distribution: Ubuntu 14.04 LTS, package 7u71-2.5.3-0ubuntu0.14.04.1
# Failed to write core dump. Core dumps have been disabled. To enable core dumping, try "ulimit -c unlimited" before starting Java again
#
# If you would like to submit a bug report, please include
# instructions on how to reproduce the bug and visit:
#   http://icedtea.classpath.org/bugzilla
#

---------------  T H R E A D  ---------------

Current thread (0x00007fb37000a000):  JavaThread "Unknown thread" [_thread_in_vm, id=13337, stack(0x00007fb3764d5000,0x00007fb3765d6000)]

Stack: [0x00007fb3764d5000,0x00007fb3765d6000],  sp=0x00007fb3765d4900,  free space=1022k
Native frames: (J=compiled Java code, j=interpreted, Vv=VM code, C=native code)
V  [libjvm.so+0x948b05]  VMError::report_and_die()+0x175
V  [libjvm.so+0x48bba4]  report_fatal(char const*, int, char const*)+0x54
V  [libjvm.so+0x5e8ce0]  compute_offset(int&, klassOopDesc*, Symbol*, Symbol*, bool) [clone .constprop.120]+0xc0
V  [libjvm.so+0x5e8db6]  java_lang_String::compute_offsets()+0x36
V  [libjvm.so+0x8ce6ec]  SystemDictionary::initialize_preloaded_classes(Thread*)+0xcc
V  [libjvm.so+0x919fd8]  Universe::genesis(Thread*)+0x468
V  [libjvm.so+0x91a5e4]  universe2_init()+0x24
V  [libjvm.so+0x59d29a]  init_globals()+0x9a
V  [libjvm.so+0x8fd3bf]  Threads::create_vm(JavaVMInitArgs*, bool*)+0x35f
V  [libjvm.so+0x6085d4]  JNI_CreateJavaVM+0x54
C  [libjli.so+0x2b48]


---------------  P R O C E S S  ---------------

Java Threads: ( => current thread )

Other Threads:

=>0x00007fb37000a000 (exited) JavaThread "Unknown thread" [_thread_in_vm, id=13337, stack(0x00007fb3764d5000,0x00007fb3765d6000)]

VM state:not at safepoint (not fully initialized)

VM Mutex/Monitor currently owned by a thread: None

GC Heap History (0 events):
No events

Deoptimization events (0 events):
No events

Internal exceptions (0 events):
No events

Events (10 events):
Event: 0.012 loading class 0x00007fb369fd66f0 done
Event: 0.013 loading class 0x00007fb369fd6110 done
Event: 0.013 loading class 0x00007fb369fd60f0
Event: 0.013 loading class 0x00007fb369fde180
Event: 0.013 loading class 0x00007fb369fde180 done
Event: 0.013 loading class 0x00007fb369fde1b0
Event: 0.013 loading class 0x00007fb369fde1b0 done
Event: 0.013 loading class 0x00007fb369fde1e0
Event: 0.013 loading class 0x00007fb369fde1e0 done
Event: 0.013 loading class 0x00007fb369fd60f0 done


Dynamic libraries:
00400000-00401000 r-xp 00000000 08:01 801593                             /usr/lib/jvm/java-7-openjdk-amd64/jre/bin/java
00600000-00601000 r--p 00000000 08:01 801593                             /usr/lib/jvm/java-7-openjdk-amd64/jre/bin/java
00601000-00602000 rw-p 00001000 08:01 801593                             /usr/lib/jvm/java-7-openjdk-amd64/jre/bin/java
00db7000-00dd8000 rw-p 00000000 00:00 0                                  [heap]
cc000000-cd500000 rw-p 00000000 00:00 0 
cd500000-d6600000 rw-p 00000000 00:00 0 
d6600000-d7a80000 rw-p 00000000 00:00 0 
d7a80000-f2200000 rw-p 00000000 00:00 0 
f2200000-f2c80000 rw-p 00000000 00:00 0 
f2c80000-100000000 rw-p 00000000 00:00 0 
7fb35c000000-7fb35c021000 rw-p 00000000 00:00 0 
7fb35c021000-7fb360000000 ---p 00000000 00:00 0 
7fb364000000-7fb364021000 rw-p 00000000 00:00 0 
7fb364021000-7fb368000000 ---p 00000000 00:00 0 
7fb369c4f000-7fb369e89000 rw-p 00000000 00:00 0 
7fb369e89000-7fb369f60000 r--s 013fe000 08:01 817028                     /home/duong/Android/android-sdk-linux/platforms/android-19/android.jar
7fb369f60000-7fb36bbd1000 rw-p 00000000 00:00 0 
7fb36bbd1000-7fb36bbd2000 ---p 00000000 00:00 0 
7fb36bbd2000-7fb36bcd2000 rw-p 00000000 00:00 0                          [stack:13340]
7fb36bcd2000-7fb36bcd3000 ---p 00000000 00:00 0 
7fb36bcd3000-7fb36bdde000 rw-p 00000000 00:00 0                          [stack:13339]
7fb36bdde000-7fb36be26000 rw-p 00000000 00:00 0 
7fb36be26000-7fb36be31000 rw-p 00000000 00:00 0 
7fb36be31000-7fb36bf04000 rw-p 00000000 00:00 0 
7fb36bf04000-7fb36bf0a000 rw-p 00000000 00:00 0 
7fb36bf0a000-7fb36bf73000 rw-p 00000000 00:00 0 
7fb36bf73000-7fb36bf74000 rw-p 00000000 00:00 0 
7fb36bf74000-7fb36c1e4000 rwxp 00000000 00:00 0 
7fb36c1e4000-7fb36ef74000 rw-p 00000000 00:00 0 
7fb36ef74000-7fb36ef7c000 r-xp 00000000 08:01 801466                     /usr/lib/jvm/java-7-openjdk-amd64/jre/lib/amd64/libzip.so
7fb36ef7c000-7fb36f17b000 ---p 00008000 08:01 801466                     /usr/lib/jvm/java-7-openjdk-amd64/jre/lib/amd64/libzip.so
7fb36f17b000-7fb36f17c000 r--p 00007000 08:01 801466                     /usr/lib/jvm/java-7-openjdk-amd64/jre/lib/amd64/libzip.so
7fb36f17c000-7fb36f17d000 rw-p 00008000 08:01 801466                     /usr/lib/jvm/java-7-openjdk-amd64/jre/lib/amd64/libzip.so
7fb36f17d000-7fb36f188000 r-xp 00000000 08:01 931895                     /lib/x86_64-linux-gnu/libnss_files-2.19.so
7fb36f188000-7fb36f387000 ---p 0000b000 08:01 931895                     /lib/x86_64-linux-gnu/libnss_files-2.19.so
7fb36f387000-7fb36f388000 r--p 0000a000 08:01 931895                     /lib/x86_64-linux-gnu/libnss_files-2.19.so
7fb36f388000-7fb36f389000 rw-p 0000b000 08:01 931895                     /lib/x86_64-linux-gnu/libnss_files-2.19.so
7fb36f389000-7fb36f394000 r-xp 00000000 08:01 931896                     /lib/x86_64-linux-gnu/libnss_nis-2.19.so
7fb36f394000-7fb36f593000 ---p 0000b000 08:01 931896                     /lib/x86_64-linux-gnu/libnss_nis-2.19.so
7fb36f593000-7fb36f594000 r--p 0000a000 08:01 931896                     /lib/x86_64-linux-gnu/libnss_nis-2.19.so
7fb36f594000-7fb36f595000 rw-p 0000b000 08:01 931896                     /lib/x86_64-linux-gnu/libnss_nis-2.19.so
7fb36f595000-7fb36f5ac000 r-xp 00000000 08:01 928601                     /lib/x86_64-linux-gnu/libnsl-2.19.so
7fb36f5ac000-7fb36f7ab000 ---p 00017000 08:01 928601                     /lib/x86_64-linux-gnu/libnsl-2.19.so
7fb36f7ab000-7fb36f7ac000 r--p 00016000 08:01 928601                     /lib/x86_64-linux-gnu/libnsl-2.19.so
7fb36f7ac000-7fb36f7ad000 rw-p 00017000 08:01 928601                     /lib/x86_64-linux-gnu/libnsl-2.19.so
7fb36f7ad000-7fb36f7af000 rw-p 00000000 00:00 0 
7fb36f7af000-7fb36f7b8000 r-xp 00000000 08:01 928595                     /lib/x86_64-linux-gnu/libnss_compat-2.19.so
7fb36f7b8000-7fb36f9b7000 ---p 00009000 08:01 928595                     /lib/x86_64-linux-gnu/libnss_compat-2.19.so
7fb36f9b7000-7fb36f9b8000 r--p 00008000 08:01 928595                     /lib/x86_64-linux-gnu/libnss_compat-2.19.so
7fb36f9b8000-7fb36f9b9000 rw-p 00009000 08:01 928595                     /lib/x86_64-linux-gnu/libnss_compat-2.19.so
7fb36f9b9000-7fb36f9e4000 r-xp 00000000 08:01 801481                     /usr/lib/jvm/java-7-openjdk-amd64/jre/lib/amd64/libjava.so
7fb36f9e4000-7fb36fbe3000 ---p 0002b000 08:01 801481                     /usr/lib/jvm/java-7-openjdk-amd64/jre/lib/amd64/libjava.so
7fb36fbe3000-7fb36fbe4000 r--p 0002a000 08:01 801481                     /usr/lib/jvm/java-7-openjdk-amd64/jre/lib/amd64/libjava.so
7fb36fbe4000-7fb36fbe6000 rw-p 0002b000 08:01 801481                     /usr/lib/jvm/java-7-openjdk-amd64/jre/lib/amd64/libjava.so
7fb36fbe6000-7fb36fbf6000 r-xp 00000000 08:01 801503                     /usr/lib/jvm/java-7-openjdk-amd64/jre/lib/amd64/libverify.so
7fb36fbf6000-7fb36fdf5000 ---p 00010000 08:01 801503                     /usr/lib/jvm/java-7-openjdk-amd64/jre/lib/amd64/libverify.so
7fb36fdf5000-7fb36fdf7000 r--p 0000f000 08:01 801503                     /usr/lib/jvm/java-7-openjdk-amd64/jre/lib/amd64/libverify.so
7fb36fdf7000-7fb36fdf8000 rw-p 00011000 08:01 801503                     /usr/lib/jvm/java-7-openjdk-amd64/jre/lib/amd64/libverify.so
7fb36fdf8000-7fb36fdff000 r-xp 00000000 08:01 928605                     /lib/x86_64-linux-gnu/librt-2.19.so
7fb36fdff000-7fb36fffe000 ---p 00007000 08:01 928605                     /lib/x86_64-linux-gnu/librt-2.19.so
7fb36fffe000-7fb36ffff000 r--p 00006000 08:01 928605                     /lib/x86_64-linux-gnu/librt-2.19.so
7fb36ffff000-7fb370000000 rw-p 00007000 08:01 928605                     /lib/x86_64-linux-gnu/librt-2.19.so
7fb370000000-7fb370052000 rw-p 00000000 00:00 0 
7fb370052000-7fb374000000 ---p 00000000 00:00 0 
7fb374020000-7fb37407a000 rw-p 00000000 00:00 0 
7fb37407a000-7fb3740c2000 rw-p 00000000 00:00 0 
7fb3740c2000-7fb3740cd000 rw-p 00000000 00:00 0 
7fb3740cd000-7fb3741a0000 rw-p 00000000 00:00 0 
7fb3741a0000-7fb3741b6000 r-xp 00000000 08:01 921940                     /lib/x86_64-linux-gnu/libgcc_s.so.1
7fb3741b6000-7fb3743b5000 ---p 00016000 08:01 921940                     /lib/x86_64-linux-gnu/libgcc_s.so.1
7fb3743b5000-7fb3743b6000 rw-p 00015000 08:01 921940                     /lib/x86_64-linux-gnu/libgcc_s.so.1
7fb3743b6000-7fb3744bb000 r-xp 00000000 08:01 931889                     /lib/x86_64-linux-gnu/libm-2.19.so
7fb3744bb000-7fb3746ba000 ---p 00105000 08:01 931889                     /lib/x86_64-linux-gnu/libm-2.19.so
7fb3746ba000-7fb3746bb000 r--p 00104000 08:01 931889                     /lib/x86_64-linux-gnu/libm-2.19.so
7fb3746bb000-7fb3746bc000 rw-p 00105000 08:01 931889                     /lib/x86_64-linux-gnu/libm-2.19.so
7fb3746bc000-7fb3747a2000 r-xp 00000000 08:01 665207                     /usr/lib/x86_64-linux-gnu/libstdc++.so.6.0.19
7fb3747a2000-7fb3749a1000 ---p 000e6000 08:01 665207                     /usr/lib/x86_64-linux-gnu/libstdc++.so.6.0.19
7fb3749a1000-7fb3749a9000 r--p 000e5000 08:01 665207                     /usr/lib/x86_64-linux-gnu/libstdc++.so.6.0.19
7fb3749a9000-7fb3749ab000 rw-p 000ed000 08:01 665207                     /usr/lib/x86_64-linux-gnu/libstdc++.so.6.0.19
7fb3749ab000-7fb3749c0000 rw-p 00000000 00:00 0 
7fb3749c0000-7fb3754d6000 r-xp 00000000 08:01 801509                     /usr/lib/jvm/java-7-openjdk-amd64/jre/lib/amd64/server/libjvm.so
7fb3754d6000-7fb3756d5000 ---p 00b16000 08:01 801509                     /usr/lib/jvm/java-7-openjdk-amd64/jre/lib/amd64/server/libjvm.so
7fb3756d5000-7fb37576f000 r--p 00b15000 08:01 801509                     /usr/lib/jvm/java-7-openjdk-amd64/jre/lib/amd64/server/libjvm.so
7fb37576f000-7fb375792000 rw-p 00baf000 08:01 801509                     /usr/lib/jvm/java-7-openjdk-amd64/jre/lib/amd64/server/libjvm.so
7fb375792000-7fb3757c0000 rw-p 00000000 00:00 0 
7fb3757c0000-7fb3757d8000 r-xp 00000000 08:01 922123                     /lib/x86_64-linux-gnu/libz.so.1.2.8
7fb3757d8000-7fb3759d7000 ---p 00018000 08:01 922123                     /lib/x86_64-linux-gnu/libz.so.1.2.8
7fb3759d7000-7fb3759d8000 r--p 00017000 08:01 922123                     /lib/x86_64-linux-gnu/libz.so.1.2.8
7fb3759d8000-7fb3759d9000 rw-p 00018000 08:01 922123                     /lib/x86_64-linux-gnu/libz.so.1.2.8
7fb3759d9000-7fb3759f2000 r-xp 00000000 08:01 931901                     /lib/x86_64-linux-gnu/libpthread-2.19.so
7fb3759f2000-7fb375bf1000 ---p 00019000 08:01 931901                     /lib/x86_64-linux-gnu/libpthread-2.19.so
7fb375bf1000-7fb375bf2000 r--p 00018000 08:01 931901                     /lib/x86_64-linux-gnu/libpthread-2.19.so
7fb375bf2000-7fb375bf3000 rw-p 00019000 08:01 931901                     /lib/x86_64-linux-gnu/libpthread-2.19.so
7fb375bf3000-7fb375bf7000 rw-p 00000000 00:00 0 
7fb375bf7000-7fb375bfa000 r-xp 00000000 08:01 931900                     /lib/x86_64-linux-gnu/libdl-2.19.so
7fb375bfa000-7fb375df9000 ---p 00003000 08:01 931900                     /lib/x86_64-linux-gnu/libdl-2.19.so
7fb375df9000-7fb375dfa000 r--p 00002000 08:01 931900                     /lib/x86_64-linux-gnu/libdl-2.19.so
7fb375dfa000-7fb375dfb000 rw-p 00003000 08:01 931900                     /lib/x86_64-linux-gnu/libdl-2.19.so
7fb375dfb000-7fb375fb6000 r-xp 00000000 08:01 928613                     /lib/x86_64-linux-gnu/libc-2.19.so
7fb375fb6000-7fb3761b6000 ---p 001bb000 08:01 928613                     /lib/x86_64-linux-gnu/libc-2.19.so
7fb3761b6000-7fb3761ba000 r--p 001bb000 08:01 928613                     /lib/x86_64-linux-gnu/libc-2.19.so
7fb3761ba000-7fb3761bc000 rw-p 001bf000 08:01 928613                     /lib/x86_64-linux-gnu/libc-2.19.so
7fb3761bc000-7fb3761c1000 rw-p 00000000 00:00 0 
7fb3761c1000-7fb3761ce000 r-xp 00000000 08:01 801477                     /usr/lib/jvm/java-7-openjdk-amd64/jre/lib/amd64/jli/libjli.so
7fb3761ce000-7fb3763cd000 ---p 0000d000 08:01 801477                     /usr/lib/jvm/java-7-openjdk-amd64/jre/lib/amd64/jli/libjli.so
7fb3763cd000-7fb3763ce000 r--p 0000c000 08:01 801477                     /usr/lib/jvm/java-7-openjdk-amd64/jre/lib/amd64/jli/libjli.so
7fb3763ce000-7fb3763cf000 rw-p 0000d000 08:01 801477                     /usr/lib/jvm/java-7-openjdk-amd64/jre/lib/amd64/jli/libjli.so
7fb3763cf000-7fb3763f2000 r-xp 00000000 08:01 928615                     /lib/x86_64-linux-gnu/ld-2.19.so
7fb376404000-7fb37641f000 rw-p 00000000 00:00 0 
7fb37641f000-7fb3764d5000 rw-p 00000000 00:00 0 
7fb3764d5000-7fb3764d8000 ---p 00000000 00:00 0 
7fb3764d8000-7fb3765db000 rw-p 00000000 00:00 0                          [stack:13337]
7fb3765e3000-7fb3765e5000 rw-p 00000000 00:00 0 
7fb3765e5000-7fb3765ed000 rw-s 00000000 08:01 808758                     /tmp/hsperfdata_duong/13334
7fb3765ed000-7fb3765ee000 rw-p 00000000 00:00 0 
7fb3765ee000-7fb3765ef000 r--p 00000000 00:00 0 
7fb3765ef000-7fb3765f1000 rw-p 00000000 00:00 0 
7fb3765f1000-7fb3765f2000 r--p 00022000 08:01 928615                     /lib/x86_64-linux-gnu/ld-2.19.so
7fb3765f2000-7fb3765f3000 rw-p 00023000 08:01 928615                     /lib/x86_64-linux-gnu/ld-2.19.so
7fb3765f3000-7fb3765f4000 rw-p 00000000 00:00 0 
7fff751bf000-7fff751e0000 rw-p 00000000 00:00 0                          [stack]
7fff751fe000-7fff75200000 r-xp 00000000 00:00 0                          [vdso]
ffffffffff600000-ffffffffff601000 r-xp 00000000 00:00 0                  [vsyscall]

VM Arguments:
jvm_args: -Dfile.encoding=UTF-8 -Xbootclasspath:/home/duong/Android/android-sdk-linux/platforms/android-19/android.jar 
java_command: com.pjwstk.rehapp.api.ConnectionWS
Launcher Type: SUN_STANDARD

Environment Variables:
PATH=/usr/local/sbin:/usr/local/bin:/usr/sbin:/usr/bin:/sbin:/bin:/usr/games:/usr/local/games
SHELL=/bin/bash
DISPLAY=:0.0

Signal Handlers:
SIGSEGV: [libjvm.so+0x9495e0], sa_mask[0]=0x7ffbfeff, sa_flags=0x10000004
SIGBUS: [libjvm.so+0x9495e0], sa_mask[0]=0x7ffbfeff, sa_flags=0x10000004
SIGFPE: [libjvm.so+0x7c3410], sa_mask[0]=0x7ffbfeff, sa_flags=0x10000004
SIGPIPE: [libjvm.so+0x7c3410], sa_mask[0]=0x7ffbfeff, sa_flags=0x10000004
SIGXFSZ: [libjvm.so+0x7c3410], sa_mask[0]=0x7ffbfeff, sa_flags=0x10000004
SIGILL: [libjvm.so+0x7c3410], sa_mask[0]=0x7ffbfeff, sa_flags=0x10000004
SIGUSR1: SIG_DFL, sa_mask[0]=0x00000000, sa_flags=0x00000000
SIGUSR2: [libjvm.so+0x7c32b0], sa_mask[0]=0x00000004, sa_flags=0x10000004
SIGHUP: SIG_DFL, sa_mask[0]=0x00000000, sa_flags=0x00000000
SIGINT: SIG_DFL, sa_mask[0]=0x00000000, sa_flags=0x00000000
SIGTERM: SIG_DFL, sa_mask[0]=0x00000000, sa_flags=0x00000000
SIGQUIT: SIG_DFL, sa_mask[0]=0x00000000, sa_flags=0x00000000
SIGTRAP: SIG_DFL, sa_mask[0]=0x00000000, sa_flags=0x00000000


---------------  S Y S T E M  ---------------

OS:Ubuntu 14.04 (trusty)
uname:Linux 3.13.0-24-generic #47-Ubuntu SMP Fri May 2 23:30:00 UTC 2014 x86_64
libc:glibc 2.19 NPTL 2.19 
rlimit: STACK 8192k, CORE 0k, NPROC 15790, NOFILE 4096, AS infinity
load average:0.52 0.21 0.10

/proc/meminfo:
MemTotal:        2042732 kB
MemFree:          695516 kB
Buffers:           28372 kB
Cached:           215620 kB
SwapCached:         7828 kB
Active:           869424 kB
Inactive:         281248 kB
Active(anon):     786880 kB
Inactive(anon):   129424 kB
Active(file):      82544 kB
Inactive(file):   151824 kB
Unevictable:          48 kB
Mlocked:              48 kB
SwapTotal:       2094076 kB
SwapFree:        1988132 kB
Dirty:               272 kB
Writeback:             0 kB
AnonPages:        900892 kB
Mapped:            66976 kB
Shmem:              9592 kB
Slab:              98660 kB
SReclaimable:      69960 kB
SUnreclaim:        28700 kB
KernelStack:        4264 kB
PageTables:        22860 kB
NFS_Unstable:          0 kB
Bounce:                0 kB
WritebackTmp:          0 kB
CommitLimit:     3115440 kB
Committed_AS:    2321160 kB
VmallocTotal:   34359738367 kB
VmallocUsed:      164024 kB
VmallocChunk:   34359522416 kB
HardwareCorrupted:     0 kB
AnonHugePages:    784384 kB
HugePages_Total:       0
HugePages_Free:        0
HugePages_Rsvd:        0
HugePages_Surp:        0
Hugepagesize:       2048 kB
DirectMap4k:       57216 kB
DirectMap2M:     2039808 kB


CPU:total 2 (2 cores per cpu, 1 threads per core) family 6 model 37 stepping 5, cmov, cx8, fxsr, mmx, sse, sse2, sse3, ssse3, sse4.1, sse4.2, popcnt, tsc, tscinvbit

/proc/cpuinfo:
processor	: 0
vendor_id	: GenuineIntel
cpu family	: 6
model		: 37
model name	: Intel(R) Core(TM) i5 CPU       M 480  @ 2.67GHz
stepping	: 5
microcode	: 0x2
cpu MHz		: 2660.079
cache size	: 3072 KB
physical id	: 0
siblings	: 2
core id		: 0
cpu cores	: 2
apicid		: 0
initial apicid	: 0
fpu		: yes
fpu_exception	: yes
cpuid level	: 11
wp		: yes
flags		: fpu vme de pse tsc msr pae mce cx8 apic sep mtrr pge mca cmov pat pse36 clflush dts mmx fxsr sse sse2 ss ht syscall nx rdtscp lm constant_tsc arch_perfmon pebs bts nopl xtopology tsc_reliable nonstop_tsc aperfmperf pni ssse3 cx16 sse4_1 sse4_2 x2apic popcnt hypervisor lahf_lm ida arat dtherm
bogomips	: 5320.15
clflush size	: 64
cache_alignment	: 64
address sizes	: 40 bits physical, 48 bits virtual
power management:

processor	: 1
vendor_id	: GenuineIntel
cpu family	: 6
model		: 37
model name	: Intel(R) Core(TM) i5 CPU       M 480  @ 2.67GHz
stepping	: 5
microcode	: 0x2
cpu MHz		: 2660.079
cache size	: 3072 KB
physical id	: 0
siblings	: 2
core id		: 1
cpu cores	: 2
apicid		: 1
initial apicid	: 1
fpu		: yes
fpu_exception	: yes
cpuid level	: 11
wp		: yes
flags		: fpu vme de pse tsc msr pae mce cx8 apic sep mtrr pge mca cmov pat pse36 clflush dts mmx fxsr sse sse2 ss ht syscall nx rdtscp lm constant_tsc arch_perfmon pebs bts nopl xtopology tsc_reliable nonstop_tsc aperfmperf pni ssse3 cx16 sse4_1 sse4_2 x2apic popcnt hypervisor lahf_lm ida arat dtherm
bogomips	: 5320.15
clflush size	: 64
cache_alignment	: 64
address sizes	: 40 bits physical, 48 bits virtual
power management:



Memory: 4k page, physical 2042732k(695516k free), swap 2094076k(1988132k free)

vm_info: OpenJDK 64-Bit Server VM (24.65-b04) for linux-amd64 JRE (1.7.0_65-b32), built on Oct 22 2014 04:37:44 by "buildd" with gcc 4.8.2

time: Wed Dec 10 23:07:50 2014
elapsed time: 0 seconds

