#
# A fatal error has been detected by the Java Runtime Environment:
#
#  Internal Error (javaClasses.cpp:139), pid=7393, tid=140551996401408
#  fatal error: Invalid layout of preloaded class
#
# JRE version:  (7.0_65-b32) (build )
# Java VM: OpenJDK 64-Bit Server VM (24.65-b04 mixed mode linux-amd64 compressed oops)
# Derivative: IcedTea 2.5.3
# Distribution: Ubuntu 14.04 LTS, package 7u71-2.5.3-0ubuntu0.14.04.1
# Failed to write core dump. Core dumps have been disabled. To enable core dumping, try "ulimit -c unlimited" before starting Java again
#
# If you would like to submit a bug report, please include
# instructions on how to reproduce the bug and visit:
#   http://icedtea.classpath.org/bugzilla
#

---------------  T H R E A D  ---------------

Current thread (0x00007fd4c800c800):  JavaThread "Unknown thread" [_thread_in_vm, id=7400, stack(0x00007fd4cfc16000,0x00007fd4cfd17000)]

Stack: [0x00007fd4cfc16000,0x00007fd4cfd17000],  sp=0x00007fd4cfd15900,  free space=1022k
Native frames: (J=compiled Java code, j=interpreted, Vv=VM code, C=native code)
V  [libjvm.so+0x948b05]  VMError::report_and_die()+0x175
V  [libjvm.so+0x48bba4]  report_fatal(char const*, int, char const*)+0x54
V  [libjvm.so+0x5e8ce0]  compute_offset(int&, klassOopDesc*, Symbol*, Symbol*, bool) [clone .constprop.120]+0xc0
V  [libjvm.so+0x5e8db6]  java_lang_String::compute_offsets()+0x36
V  [libjvm.so+0x8ce6ec]  SystemDictionary::initialize_preloaded_classes(Thread*)+0xcc
V  [libjvm.so+0x919fd8]  Universe::genesis(Thread*)+0x468
V  [libjvm.so+0x91a5e4]  universe2_init()+0x24
V  [libjvm.so+0x59d29a]  init_globals()+0x9a
V  [libjvm.so+0x8fd3bf]  Threads::create_vm(JavaVMInitArgs*, bool*)+0x35f
V  [libjvm.so+0x6085d4]  JNI_CreateJavaVM+0x54
C  [libjli.so+0x2b48]


---------------  P R O C E S S  ---------------

Java Threads: ( => current thread )

Other Threads:

=>0x00007fd4c800c800 (exited) JavaThread "Unknown thread" [_thread_in_vm, id=7400, stack(0x00007fd4cfc16000,0x00007fd4cfd17000)]

VM state:not at safepoint (not fully initialized)

VM Mutex/Monitor currently owned by a thread: None

GC Heap History (0 events):
No events

Deoptimization events (0 events):
No events

Internal exceptions (0 events):
No events

Events (10 events):
Event: 1.103 loading class 0x00007fd4c433b6f0 done
Event: 1.104 loading class 0x00007fd4c433b110 done
Event: 1.104 loading class 0x00007fd4c433b0f0
Event: 1.174 loading class 0x00007fd4c4343180
Event: 1.175 loading class 0x00007fd4c4343180 done
Event: 1.175 loading class 0x00007fd4c43431b0
Event: 1.175 loading class 0x00007fd4c43431b0 done
Event: 1.175 loading class 0x00007fd4c43431e0
Event: 1.178 loading class 0x00007fd4c43431e0 done
Event: 1.179 loading class 0x00007fd4c433b0f0 done


Dynamic libraries:
00400000-00401000 r-xp 00000000 08:01 801593                             /usr/lib/jvm/java-7-openjdk-amd64/jre/bin/java
00600000-00601000 r--p 00000000 08:01 801593                             /usr/lib/jvm/java-7-openjdk-amd64/jre/bin/java
00601000-00602000 rw-p 00001000 08:01 801593                             /usr/lib/jvm/java-7-openjdk-amd64/jre/bin/java
00e7c000-00e9d000 rw-p 00000000 00:00 0                                  [heap]
cc000000-cd500000 rw-p 00000000 00:00 0 
cd500000-d6600000 rw-p 00000000 00:00 0 
d6600000-d7a80000 rw-p 00000000 00:00 0 
d7a80000-f2200000 rw-p 00000000 00:00 0 
f2200000-f2c80000 rw-p 00000000 00:00 0 
f2c80000-100000000 rw-p 00000000 00:00 0 
7fd4b8000000-7fd4b8021000 rw-p 00000000 00:00 0 
7fd4b8021000-7fd4bc000000 ---p 00000000 00:00 0 
7fd4be49f000-7fd4c0000000 rw-p 00000000 00:00 0 
7fd4c0000000-7fd4c0021000 rw-p 00000000 00:00 0 
7fd4c0021000-7fd4c4000000 ---p 00000000 00:00 0 
7fd4c40ee000-7fd4c41ee000 rw-p 00000000 00:00 0 
7fd4c41ee000-7fd4c42c5000 r--s 013fe000 08:01 817028                     /home/duong/Android/android-sdk-linux/platforms/android-19/android.jar
7fd4c42c5000-7fd4c455e000 rw-p 00000000 00:00 0 
7fd4c455e000-7fd4c455f000 ---p 00000000 00:00 0 
7fd4c455f000-7fd4c465f000 rw-p 00000000 00:00 0                          [stack:7403]
7fd4c465f000-7fd4c4660000 ---p 00000000 00:00 0 
7fd4c4660000-7fd4c476b000 rw-p 00000000 00:00 0                          [stack:7402]
7fd4c476b000-7fd4c483e000 rw-p 00000000 00:00 0 
7fd4c483e000-7fd4c4849000 rw-p 00000000 00:00 0 
7fd4c4849000-7fd4c4891000 rw-p 00000000 00:00 0 
7fd4c4891000-7fd4c489c000 rw-p 00000000 00:00 0 
7fd4c489c000-7fd4c496f000 rw-p 00000000 00:00 0 
7fd4c496f000-7fd4c4975000 rw-p 00000000 00:00 0 
7fd4c4975000-7fd4c49de000 rw-p 00000000 00:00 0 
7fd4c49de000-7fd4c49df000 rw-p 00000000 00:00 0 
7fd4c49df000-7fd4c4c4f000 rwxp 00000000 00:00 0 
7fd4c4c4f000-7fd4c79df000 rw-p 00000000 00:00 0 
7fd4c79df000-7fd4c79e7000 r-xp 00000000 08:01 801466                     /usr/lib/jvm/java-7-openjdk-amd64/jre/lib/amd64/libzip.so
7fd4c79e7000-7fd4c7be6000 ---p 00008000 08:01 801466                     /usr/lib/jvm/java-7-openjdk-amd64/jre/lib/amd64/libzip.so
7fd4c7be6000-7fd4c7be7000 r--p 00007000 08:01 801466                     /usr/lib/jvm/java-7-openjdk-amd64/jre/lib/amd64/libzip.so
7fd4c7be7000-7fd4c7be8000 rw-p 00008000 08:01 801466                     /usr/lib/jvm/java-7-openjdk-amd64/jre/lib/amd64/libzip.so
7fd4c7be8000-7fd4c7bf3000 r-xp 00000000 08:01 931895                     /lib/x86_64-linux-gnu/libnss_files-2.19.so
7fd4c7bf3000-7fd4c7df2000 ---p 0000b000 08:01 931895                     /lib/x86_64-linux-gnu/libnss_files-2.19.so
7fd4c7df2000-7fd4c7df3000 r--p 0000a000 08:01 931895                     /lib/x86_64-linux-gnu/libnss_files-2.19.so
7fd4c7df3000-7fd4c7df4000 rw-p 0000b000 08:01 931895                     /lib/x86_64-linux-gnu/libnss_files-2.19.so
7fd4c7df4000-7fd4c7dff000 r-xp 00000000 08:01 931896                     /lib/x86_64-linux-gnu/libnss_nis-2.19.so
7fd4c7dff000-7fd4c7ffe000 ---p 0000b000 08:01 931896                     /lib/x86_64-linux-gnu/libnss_nis-2.19.so
7fd4c7ffe000-7fd4c7fff000 r--p 0000a000 08:01 931896                     /lib/x86_64-linux-gnu/libnss_nis-2.19.so
7fd4c7fff000-7fd4c8000000 rw-p 0000b000 08:01 931896                     /lib/x86_64-linux-gnu/libnss_nis-2.19.so
7fd4c8000000-7fd4c8055000 rw-p 00000000 00:00 0 
7fd4c8055000-7fd4cc000000 ---p 00000000 00:00 0 
7fd4cc016000-7fd4cc021000 rw-p 00000000 00:00 0 
7fd4cc021000-7fd4cc069000 rw-p 00000000 00:00 0 
7fd4cc069000-7fd4cc080000 r-xp 00000000 08:01 928601                     /lib/x86_64-linux-gnu/libnsl-2.19.so
7fd4cc080000-7fd4cc27f000 ---p 00017000 08:01 928601                     /lib/x86_64-linux-gnu/libnsl-2.19.so
7fd4cc27f000-7fd4cc280000 r--p 00016000 08:01 928601                     /lib/x86_64-linux-gnu/libnsl-2.19.so
7fd4cc280000-7fd4cc281000 rw-p 00017000 08:01 928601                     /lib/x86_64-linux-gnu/libnsl-2.19.so
7fd4cc281000-7fd4cc283000 rw-p 00000000 00:00 0 
7fd4cc283000-7fd4cc28c000 r-xp 00000000 08:01 928595                     /lib/x86_64-linux-gnu/libnss_compat-2.19.so
7fd4cc28c000-7fd4cc48b000 ---p 00009000 08:01 928595                     /lib/x86_64-linux-gnu/libnss_compat-2.19.so
7fd4cc48b000-7fd4cc48c000 r--p 00008000 08:01 928595                     /lib/x86_64-linux-gnu/libnss_compat-2.19.so
7fd4cc48c000-7fd4cc48d000 rw-p 00009000 08:01 928595                     /lib/x86_64-linux-gnu/libnss_compat-2.19.so
7fd4cc48d000-7fd4cce5b000 r--p 00000000 08:01 660299                     /usr/lib/locale/locale-archive
7fd4cce5b000-7fd4cce5e000 r-xp 00000000 08:01 801506                     /usr/lib/jvm/java-7-openjdk-amd64/jre/lib/amd64/libnpt.so
7fd4cce5e000-7fd4cd05d000 ---p 00003000 08:01 801506                     /usr/lib/jvm/java-7-openjdk-amd64/jre/lib/amd64/libnpt.so
7fd4cd05d000-7fd4cd05e000 r--p 00002000 08:01 801506                     /usr/lib/jvm/java-7-openjdk-amd64/jre/lib/amd64/libnpt.so
7fd4cd05e000-7fd4cd05f000 rw-p 00003000 08:01 801506                     /usr/lib/jvm/java-7-openjdk-amd64/jre/lib/amd64/libnpt.so
7fd4cd05f000-7fd4cd099000 r-xp 00000000 08:01 801501                     /usr/lib/jvm/java-7-openjdk-amd64/jre/lib/amd64/libjdwp.so
7fd4cd099000-7fd4cd298000 ---p 0003a000 08:01 801501                     /usr/lib/jvm/java-7-openjdk-amd64/jre/lib/amd64/libjdwp.so
7fd4cd298000-7fd4cd299000 r--p 00039000 08:01 801501                     /usr/lib/jvm/java-7-openjdk-amd64/jre/lib/amd64/libjdwp.so
7fd4cd299000-7fd4cd29a000 rw-p 0003a000 08:01 801501                     /usr/lib/jvm/java-7-openjdk-amd64/jre/lib/amd64/libjdwp.so
7fd4cd29a000-7fd4cd2c5000 r-xp 00000000 08:01 801481                     /usr/lib/jvm/java-7-openjdk-amd64/jre/lib/amd64/libjava.so
7fd4cd2c5000-7fd4cd4c4000 ---p 0002b000 08:01 801481                     /usr/lib/jvm/java-7-openjdk-amd64/jre/lib/amd64/libjava.so
7fd4cd4c4000-7fd4cd4c5000 r--p 0002a000 08:01 801481                     /usr/lib/jvm/java-7-openjdk-amd64/jre/lib/amd64/libjava.so
7fd4cd4c5000-7fd4cd4c7000 rw-p 0002b000 08:01 801481                     /usr/lib/jvm/java-7-openjdk-amd64/jre/lib/amd64/libjava.so
7fd4cd4c7000-7fd4cd4d7000 r-xp 00000000 08:01 801503                     /usr/lib/jvm/java-7-openjdk-amd64/jre/lib/amd64/libverify.so
7fd4cd4d7000-7fd4cd6d6000 ---p 00010000 08:01 801503                     /usr/lib/jvm/java-7-openjdk-amd64/jre/lib/amd64/libverify.so
7fd4cd6d6000-7fd4cd6d8000 r--p 0000f000 08:01 801503                     /usr/lib/jvm/java-7-openjdk-amd64/jre/lib/amd64/libverify.so
7fd4cd6d8000-7fd4cd6d9000 rw-p 00011000 08:01 801503                     /usr/lib/jvm/java-7-openjdk-amd64/jre/lib/amd64/libverify.so
7fd4cd6d9000-7fd4cd6e0000 r-xp 00000000 08:01 928605                     /lib/x86_64-linux-gnu/librt-2.19.so
7fd4cd6e0000-7fd4cd8df000 ---p 00007000 08:01 928605                     /lib/x86_64-linux-gnu/librt-2.19.so
7fd4cd8df000-7fd4cd8e0000 r--p 00006000 08:01 928605                     /lib/x86_64-linux-gnu/librt-2.19.so
7fd4cd8e0000-7fd4cd8e1000 rw-p 00007000 08:01 928605                     /lib/x86_64-linux-gnu/librt-2.19.so
7fd4cd8e1000-7fd4cd8f7000 r-xp 00000000 08:01 921940                     /lib/x86_64-linux-gnu/libgcc_s.so.1
7fd4cd8f7000-7fd4cdaf6000 ---p 00016000 08:01 921940                     /lib/x86_64-linux-gnu/libgcc_s.so.1
7fd4cdaf6000-7fd4cdaf7000 rw-p 00015000 08:01 921940                     /lib/x86_64-linux-gnu/libgcc_s.so.1
7fd4cdaf7000-7fd4cdbfc000 r-xp 00000000 08:01 931889                     /lib/x86_64-linux-gnu/libm-2.19.so
7fd4cdbfc000-7fd4cddfb000 ---p 00105000 08:01 931889                     /lib/x86_64-linux-gnu/libm-2.19.so
7fd4cddfb000-7fd4cddfc000 r--p 00104000 08:01 931889                     /lib/x86_64-linux-gnu/libm-2.19.so
7fd4cddfc000-7fd4cddfd000 rw-p 00105000 08:01 931889                     /lib/x86_64-linux-gnu/libm-2.19.so
7fd4cddfd000-7fd4cdee3000 r-xp 00000000 08:01 665207                     /usr/lib/x86_64-linux-gnu/libstdc++.so.6.0.19
7fd4cdee3000-7fd4ce0e2000 ---p 000e6000 08:01 665207                     /usr/lib/x86_64-linux-gnu/libstdc++.so.6.0.19
7fd4ce0e2000-7fd4ce0ea000 r--p 000e5000 08:01 665207                     /usr/lib/x86_64-linux-gnu/libstdc++.so.6.0.19
7fd4ce0ea000-7fd4ce0ec000 rw-p 000ed000 08:01 665207                     /usr/lib/x86_64-linux-gnu/libstdc++.so.6.0.19
7fd4ce0ec000-7fd4ce101000 rw-p 00000000 00:00 0 
7fd4ce101000-7fd4cec17000 r-xp 00000000 08:01 801509                     /usr/lib/jvm/java-7-openjdk-amd64/jre/lib/amd64/server/libjvm.so
7fd4cec17000-7fd4cee16000 ---p 00b16000 08:01 801509                     /usr/lib/jvm/java-7-openjdk-amd64/jre/lib/amd64/server/libjvm.so
7fd4cee16000-7fd4ceeb0000 r--p 00b15000 08:01 801509                     /usr/lib/jvm/java-7-openjdk-amd64/jre/lib/amd64/server/libjvm.so
7fd4ceeb0000-7fd4ceed3000 rw-p 00baf000 08:01 801509                     /usr/lib/jvm/java-7-openjdk-amd64/jre/lib/amd64/server/libjvm.so
7fd4ceed3000-7fd4cef01000 rw-p 00000000 00:00 0 
7fd4cef01000-7fd4cef19000 r-xp 00000000 08:01 922123                     /lib/x86_64-linux-gnu/libz.so.1.2.8
7fd4cef19000-7fd4cf118000 ---p 00018000 08:01 922123                     /lib/x86_64-linux-gnu/libz.so.1.2.8
7fd4cf118000-7fd4cf119000 r--p 00017000 08:01 922123                     /lib/x86_64-linux-gnu/libz.so.1.2.8
7fd4cf119000-7fd4cf11a000 rw-p 00018000 08:01 922123                     /lib/x86_64-linux-gnu/libz.so.1.2.8
7fd4cf11a000-7fd4cf133000 r-xp 00000000 08:01 931901                     /lib/x86_64-linux-gnu/libpthread-2.19.so
7fd4cf133000-7fd4cf332000 ---p 00019000 08:01 931901                     /lib/x86_64-linux-gnu/libpthread-2.19.so
7fd4cf332000-7fd4cf333000 r--p 00018000 08:01 931901                     /lib/x86_64-linux-gnu/libpthread-2.19.so
7fd4cf333000-7fd4cf334000 rw-p 00019000 08:01 931901                     /lib/x86_64-linux-gnu/libpthread-2.19.so
7fd4cf334000-7fd4cf338000 rw-p 00000000 00:00 0 
7fd4cf338000-7fd4cf33b000 r-xp 00000000 08:01 931900                     /lib/x86_64-linux-gnu/libdl-2.19.so
7fd4cf33b000-7fd4cf53a000 ---p 00003000 08:01 931900                     /lib/x86_64-linux-gnu/libdl-2.19.so
7fd4cf53a000-7fd4cf53b000 r--p 00002000 08:01 931900                     /lib/x86_64-linux-gnu/libdl-2.19.so
7fd4cf53b000-7fd4cf53c000 rw-p 00003000 08:01 931900                     /lib/x86_64-linux-gnu/libdl-2.19.so
7fd4cf53c000-7fd4cf6f7000 r-xp 00000000 08:01 928613                     /lib/x86_64-linux-gnu/libc-2.19.so
7fd4cf6f7000-7fd4cf8f7000 ---p 001bb000 08:01 928613                     /lib/x86_64-linux-gnu/libc-2.19.so
7fd4cf8f7000-7fd4cf8fb000 r--p 001bb000 08:01 928613                     /lib/x86_64-linux-gnu/libc-2.19.so
7fd4cf8fb000-7fd4cf8fd000 rw-p 001bf000 08:01 928613                     /lib/x86_64-linux-gnu/libc-2.19.so
7fd4cf8fd000-7fd4cf902000 rw-p 00000000 00:00 0 
7fd4cf902000-7fd4cf90f000 r-xp 00000000 08:01 801477                     /usr/lib/jvm/java-7-openjdk-amd64/jre/lib/amd64/jli/libjli.so
7fd4cf90f000-7fd4cfb0e000 ---p 0000d000 08:01 801477                     /usr/lib/jvm/java-7-openjdk-amd64/jre/lib/amd64/jli/libjli.so
7fd4cfb0e000-7fd4cfb0f000 r--p 0000c000 08:01 801477                     /usr/lib/jvm/java-7-openjdk-amd64/jre/lib/amd64/jli/libjli.so
7fd4cfb0f000-7fd4cfb10000 rw-p 0000d000 08:01 801477                     /usr/lib/jvm/java-7-openjdk-amd64/jre/lib/amd64/jli/libjli.so
7fd4cfb10000-7fd4cfb33000 r-xp 00000000 08:01 928615                     /lib/x86_64-linux-gnu/ld-2.19.so
7fd4cfb45000-7fd4cfb60000 rw-p 00000000 00:00 0 
7fd4cfb60000-7fd4cfc16000 rw-p 00000000 00:00 0 
7fd4cfc16000-7fd4cfc19000 ---p 00000000 00:00 0 
7fd4cfc19000-7fd4cfd1c000 rw-p 00000000 00:00 0                          [stack:7400]
7fd4cfd24000-7fd4cfd26000 rw-p 00000000 00:00 0 
7fd4cfd26000-7fd4cfd2e000 rw-s 00000000 08:01 804499                     /tmp/hsperfdata_duong/7393
7fd4cfd2e000-7fd4cfd2f000 rw-p 00000000 00:00 0 
7fd4cfd2f000-7fd4cfd30000 r--p 00000000 00:00 0 
7fd4cfd30000-7fd4cfd32000 rw-p 00000000 00:00 0 
7fd4cfd32000-7fd4cfd33000 r--p 00022000 08:01 928615                     /lib/x86_64-linux-gnu/ld-2.19.so
7fd4cfd33000-7fd4cfd34000 rw-p 00023000 08:01 928615                     /lib/x86_64-linux-gnu/ld-2.19.so
7fd4cfd34000-7fd4cfd35000 rw-p 00000000 00:00 0 
7fff4011b000-7fff4013c000 rw-p 00000000 00:00 0                          [stack]
7fff40170000-7fff40172000 r-xp 00000000 00:00 0                          [vdso]
ffffffffff600000-ffffffffff601000 r-xp 00000000 00:00 0                  [vsyscall]

VM Arguments:
jvm_args: -agentlib:jdwp=transport=dt_socket,suspend=y,address=localhost:58032 -Dfile.encoding=UTF-8 -Xbootclasspath:/home/duong/Android/android-sdk-linux/platforms/android-19/android.jar 
java_command: com.pjwstk.rehapp.api.testConnectionWS
Launcher Type: SUN_STANDARD

Environment Variables:
PATH=/usr/local/sbin:/usr/local/bin:/usr/sbin:/usr/bin:/sbin:/bin:/usr/games:/usr/local/games
SHELL=/bin/bash
DISPLAY=:0.0

Signal Handlers:
SIGSEGV: [libjvm.so+0x9495e0], sa_mask[0]=0x7ffbfeff, sa_flags=0x10000004
SIGBUS: [libjvm.so+0x9495e0], sa_mask[0]=0x7ffbfeff, sa_flags=0x10000004
SIGFPE: [libjvm.so+0x7c3410], sa_mask[0]=0x7ffbfeff, sa_flags=0x10000004
SIGPIPE: [libjvm.so+0x7c3410], sa_mask[0]=0x7ffbfeff, sa_flags=0x10000004
SIGXFSZ: [libjvm.so+0x7c3410], sa_mask[0]=0x7ffbfeff, sa_flags=0x10000004
SIGILL: [libjvm.so+0x7c3410], sa_mask[0]=0x7ffbfeff, sa_flags=0x10000004
SIGUSR1: SIG_DFL, sa_mask[0]=0x00000000, sa_flags=0x00000000
SIGUSR2: [libjvm.so+0x7c32b0], sa_mask[0]=0x00000004, sa_flags=0x10000004
SIGHUP: SIG_DFL, sa_mask[0]=0x00000000, sa_flags=0x00000000
SIGINT: SIG_DFL, sa_mask[0]=0x00000000, sa_flags=0x00000000
SIGTERM: SIG_DFL, sa_mask[0]=0x00000000, sa_flags=0x00000000
SIGQUIT: SIG_DFL, sa_mask[0]=0x00000000, sa_flags=0x00000000
SIGTRAP: SIG_DFL, sa_mask[0]=0x00000000, sa_flags=0x00000000


---------------  S Y S T E M  ---------------

OS:Ubuntu 14.04 (trusty)
uname:Linux 3.13.0-24-generic #47-Ubuntu SMP Fri May 2 23:30:00 UTC 2014 x86_64
libc:glibc 2.19 NPTL 2.19 
rlimit: STACK 8192k, CORE 0k, NPROC 15790, NOFILE 4096, AS infinity
load average:0.90 0.75 0.71

/proc/meminfo:
MemTotal:        2042732 kB
MemFree:           66080 kB
Buffers:           11300 kB
Cached:           107276 kB
SwapCached:         6128 kB
Active:          1284180 kB
Inactive:         527912 kB
Active(anon):    1235876 kB
Inactive(anon):   474216 kB
Active(file):      48304 kB
Inactive(file):    53696 kB
Unevictable:          32 kB
Mlocked:              32 kB
SwapTotal:       2094076 kB
SwapFree:        2030264 kB
Dirty:                68 kB
Writeback:             0 kB
AnonPages:       1688140 kB
Mapped:            51920 kB
Shmem:             16272 kB
Slab:              65468 kB
SReclaimable:      37180 kB
SUnreclaim:        28288 kB
KernelStack:        4400 kB
PageTables:        24208 kB
NFS_Unstable:          0 kB
Bounce:                0 kB
WritebackTmp:          0 kB
CommitLimit:     3115440 kB
Committed_AS:    3919540 kB
VmallocTotal:   34359738367 kB
VmallocUsed:      164060 kB
VmallocChunk:   34359522416 kB
HardwareCorrupted:     0 kB
AnonHugePages:    663552 kB
HugePages_Total:       0
HugePages_Free:        0
HugePages_Rsvd:        0
HugePages_Surp:        0
Hugepagesize:       2048 kB
DirectMap4k:       51072 kB
DirectMap2M:     2045952 kB


CPU:total 2 (2 cores per cpu, 1 threads per core) family 6 model 37 stepping 5, cmov, cx8, fxsr, mmx, sse, sse2, sse3, ssse3, sse4.1, sse4.2, popcnt, tsc, tscinvbit

/proc/cpuinfo:
processor	: 0
vendor_id	: GenuineIntel
cpu family	: 6
model		: 37
model name	: Intel(R) Core(TM) i5 CPU       M 480  @ 2.67GHz
stepping	: 5
microcode	: 0x2
cpu MHz		: 2660.079
cache size	: 3072 KB
physical id	: 0
siblings	: 2
core id		: 0
cpu cores	: 2
apicid		: 0
initial apicid	: 0
fpu		: yes
fpu_exception	: yes
cpuid level	: 11
wp		: yes
flags		: fpu vme de pse tsc msr pae mce cx8 apic sep mtrr pge mca cmov pat pse36 clflush dts mmx fxsr sse sse2 ss ht syscall nx rdtscp lm constant_tsc arch_perfmon pebs bts nopl xtopology tsc_reliable nonstop_tsc aperfmperf pni ssse3 cx16 sse4_1 sse4_2 x2apic popcnt hypervisor lahf_lm ida arat dtherm
bogomips	: 5320.15
clflush size	: 64
cache_alignment	: 64
address sizes	: 40 bits physical, 48 bits virtual
power management:

processor	: 1
vendor_id	: GenuineIntel
cpu family	: 6
model		: 37
model name	: Intel(R) Core(TM) i5 CPU       M 480  @ 2.67GHz
stepping	: 5
microcode	: 0x2
cpu MHz		: 2660.079
cache size	: 3072 KB
physical id	: 0
siblings	: 2
core id		: 1
cpu cores	: 2
apicid		: 1
initial apicid	: 1
fpu		: yes
fpu_exception	: yes
cpuid level	: 11
wp		: yes
flags		: fpu vme de pse tsc msr pae mce cx8 apic sep mtrr pge mca cmov pat pse36 clflush dts mmx fxsr sse sse2 ss ht syscall nx rdtscp lm constant_tsc arch_perfmon pebs bts nopl xtopology tsc_reliable nonstop_tsc aperfmperf pni ssse3 cx16 sse4_1 sse4_2 x2apic popcnt hypervisor lahf_lm ida arat dtherm
bogomips	: 5320.15
clflush size	: 64
cache_alignment	: 64
address sizes	: 40 bits physical, 48 bits virtual
power management:



Memory: 4k page, physical 2042732k(66080k free), swap 2094076k(2030264k free)

vm_info: OpenJDK 64-Bit Server VM (24.65-b04) for linux-amd64 JRE (1.7.0_65-b32), built on Oct 22 2014 04:37:44 by "buildd" with gcc 4.8.2

time: Wed Dec 10 03:16:49 2014
elapsed time: 1 seconds

